VTREEMINER data/test/F5.data 0.5 100001 50001 [ 1 100 0 0.13973 0 ] [ 2 0 0 0.131131 0 ] [ SUM 100 0 0.270861 ] 0.270956
VTREEMINER data/test/F5.data 0.5 100001 50001 [ 1 100 0 0.13973 0 ] [ 2 0 0 0.131131 0 ] [ 3 100 0 0.119452 0 ] [ 4 0 0 0.122362 0 ] [ SUM 200 0 0.512675 ] 0.241836
VTREEMINER data/test/F5.data 0.5 100001 50001 [ 1 100 0 0.140216 0 ] [ 2 0 0 0.134725 0 ] [ SUM 100 0 0.274941 ] 0.275177
VTREEMINER data/test/F5.data 0.5 100001 50001 [ 1 100 0 0.140216 0 ] [ 2 0 0 0.134725 0 ] [ 3 100 0 0.129709 0 ] [ 4 0 0 0.12138 0 ] [ SUM 200 0 0.52603 ] 0.251122
VTREEMINER data/test/F5.data 0.5 100001 50001 [ 1 100 0 0.140216 0 ] [ 2 0 0 0.134725 0 ] [ 3 100 0 0.129709 0 ] [ 4 0 0 0.12138 0 ] [ 5 100 0 0.116527 0 ] [ 6 0 0 0.110094 0 ] [ SUM 300 0 0.752651 ] 0.226673
VTREEMINER data/test/F5.data 0.5 100001 50001 [ 1 100 0 0.140216 0 ] [ 2 0 0 0.134725 0 ] [ 3 100 0 0.129709 0 ] [ 4 0 0 0.12138 0 ] [ 5 100 0 0.116527 0 ] [ 6 0 0 0.110094 0 ] [ 7 100 0 0.102782 0 ] [ 8 0 0 0.130978 0 ] [ SUM 400 0 0.986411 ] 0.233781
VTREEMINER data/test/F5.data 0.5 100001 50001 [ 1 100 0 0.126812 0 ] [ 2 0 0 0.137135 0 ] [ SUM 100 0 0.263947 ] 0.264056
VTREEMINER data/test/F5.data 0.5 100001 50001 [ 1 100 0 0.126812 0 ] [ 2 0 0 0.137135 0 ] [ 3 100 0 0.117394 0 ] [ 4 0 0 0.138664 0 ] [ SUM 200 0 0.520005 ] 0.256081
VTREEMINER data/test/F5.data 0.5 100001 50001 [ 1 100 0 0.126812 0 ] [ 2 0 0 0.137135 0 ] [ 3 100 0 0.117394 0 ] [ 4 0 0 0.138664 0 ] [ 5 100 0 0.12886 0 ] [ 6 0 0 0.118733 0 ] [ SUM 300 0 0.767598 ] 0.24764
VTREEMINER data/test/F5.data 0.5 100001 50001 [ 1 100 0 0.126812 0 ] [ 2 0 0 0.137135 0 ] [ 3 100 0 0.117394 0 ] [ 4 0 0 0.138664 0 ] [ 5 100 0 0.12886 0 ] [ 6 0 0 0.118733 0 ] [ 7 100 0 0.126782 0 ] [ 8 0 0 0.127025 0 ] [ SUM 400 0 1.0214 ] 0.253832
VTREEMINER data/test/F5.data 0.5 100001 50001 [ 1 100 0 0.120803 0 ] [ 2 0 0 0.129813 0 ] [ SUM 100 0 0.250616 ] 0.250724
VTREEMINER data/test/F5.data 0.5 100001 50001 [ 1 100 0 0.120803 0 ] [ 2 0 0 0.129813 0 ] [ 3 100 0 0.117968 0 ] [ 4 0 0 0.112079 0 ] [ SUM 200 0 0.480663 ] 0.230136
VTREEMINER data/test/F5.data 0.5 100001 50001 [ 1 100 0 0.120803 0 ] [ 2 0 0 0.129813 0 ] [ 3 100 0 0.117968 0 ] [ 4 0 0 0.112079 0 ] [ 5 100 0 0.135495 0 ] [ 6 0 0 0.133261 0 ] [ SUM 300 0 0.749419 ] 0.268856
VTREEMINER data/test/F5.data 0.5 100001 50001 [ 1 100 0 0.120803 0 ] [ 2 0 0 0.129813 0 ] [ 3 100 0 0.117968 0 ] [ 4 0 0 0.112079 0 ] [ 5 100 0 0.135495 0 ] [ 6 0 0 0.133261 0 ] [ 7 100 0 0.12659 0 ] [ 8 0 0 0.127805 0 ] [ SUM 400 0 1.00381 ] 0.254496
VTREEMINER data/test/F5.data 0.5 100001 50001 [ 1 100 0 0.114687 0 ] [ 2 0 0 0.123031 0 ] [ SUM 100 0 0.237718 ] 0.237903
VTREEMINER data/test/F5.data 0.5 100001 50001 [ 1 100 0 0.114687 0 ] [ 2 0 0 0.123031 0 ] [ 3 100 0 0.123407 0 ] [ 4 0 0 0.129235 0 ] [ SUM 200 0 0.49036 ] 0.252749
VTREEMINER data/test/F5.data 0.5 100001 50001 [ 1 100 0 0.114687 0 ] [ 2 0 0 0.123031 0 ] [ 3 100 0 0.123407 0 ] [ 4 0 0 0.129235 0 ] [ 5 100 0 0.114106 0 ] [ 6 0 0 0.130196 0 ] [ SUM 300 0 0.734662 ] 0.24438
VTREEMINER data/test/F5.data 0.5 100001 50001 [ 1 100 0 0.114687 0 ] [ 2 0 0 0.123031 0 ] [ 3 100 0 0.123407 0 ] [ 4 0 0 0.129235 0 ] [ 5 100 0 0.114106 0 ] [ 6 0 0 0.130196 0 ] [ 7 100 0 0.121828 0 ] [ 8 0 0 0.124292 0 ] [ SUM 400 0 0.980782 ] 0.246282
SSTMINER data/test/F5_sst.data 0.5 100000 50000 [ 1 100 0 0.0905788 0 ] [ 2 0 0 0.0943031 0 ] [ SUM 100 0 0.184882 ] 0.184959
SSTMINER data/test/F5_sst.data 0.5 100000 50000 [ 1 100 0 0.0964191 0 ] [ 2 0 0 0.0946071 0 ] [ SUM 100 0 0.191026 ] 0.19113
SSTMINER data/test/F5_sst.data 0.5 100000 50000 [ 1 100 0 0.0887589 0 ] [ 2 0 0 0.090627 0 ] [ SUM 100 0 0.179386 ] 0.179447
SSTMINER data/test/F5_sst.data 0.5 100000 50000 [ 1 100 0 0.089751 0 ] [ 2 0 0 0.0903518 0 ] [ SUM 100 0 0.180103 ] 0.180161
SSTMINER data/test/F5_sst.data 0.5 100000 50000 [ 1 100 0 0.0884819 0 ] [ 2 0 0 0.0909469 0 ] [ SUM 100 0 0.179429 ] 0.17951
SSTMINER data/test/F5_sst.data 0.5 100000 50000 [ 1 100 0 0.0884819 0 ] [ 2 0 0 0.0909469 0 ] [ 3 100 0 0.0891559 0 ] [ 4 0 0 0.091974 0 ] [ SUM 300 0 0.543649 ] 0.181182
SSTMINER data/test/F5_sst.data 0.5 100000 50000 [ 1 100 0 0.089838 0 ] [ 2 0 0 0.0909309 0 ] [ SUM 100 0 0.180769 ] 0.18086
SSTMINER data/test/D10_sst.data 0.5 100000 50000 [ 1 100 0 0.089838 0 ] [ 2 0 0 0.0909309 0 ] [ 3 100 0 0.0876808 0 ] [ 4 0 0 0.0912991 0 ] [ SUM 300 0 0.546663 ] 0.179038
SSTMINER data/test/F5_sst.data 0.5 100000 50000 [ 1 100 0 0.088758 0 ] [ 2 0 0 0.0943451 0 ] [ SUM 100 0 0.183103 ] 0.183173
SSTMINER data/test/D10_sst.data 0.5 100000 50000 [ 1 100 0 0.088758 0 ] [ 2 0 0 0.0943451 0 ] [ 3 100 0 0.089824 0 ] [ 4 0 0 0.0949349 0 ] [ SUM 300 0 0.547034 ] 0.184814
SSTMINER data/test/F5_sst.data 0.5 100000 50000 [ 1 100 0 0.091238 0 ] [ 2 0 0 0.0997341 0 ] [ SUM 100 0 0.190972 ] 0.191035
SSTMINER data/test/D10_sst.data 0.5 100000 50000 [ 1 100 0 0.091238 0 ] [ 2 0 0 0.0997341 0 ] [ 3 100 0 0.088325 0 ] [ 4 0 0 0.097641 0 ] [ SUM 300 0 0.563988 ] 0.186021
SSTMINER data/test/F5_sst.data 0.1 100000 10000 [ 1 100 7 0.087867 0 ] [ 2 49 6 0.216443 0 ] [ 3 12 0 0.00732708 0 ] [ SUM 161 13 0.311637 ] 0.315726
SSTMINER data/test/D10_sst.data 0.1 100000 10000 [ 1 100 7 0.087867 0 ] [ 2 49 6 0.237594 0 ] [ 3 16 0 0.010936 0 ] [ 4 100 4 0.0880399 0 ] [ 5 16 2 0.14627 0 ] [ SUM 469 37 0.925804 ] 0.26107
SSTMINER data/test/F5_sst.data 0.1 100000 10000 [ 1 100 7 0.0978031 0 ] [ 2 49 6 0.227072 0 ] [ 3 28 4 0.035789 0 ] [ 4 9 1 0.00904202 0 ] [ 5 2 0 0.000841856 0 ] [ SUM 188 18 0.370548 ] 0.377291
SSTMINER data/test/D10_sst.data 0.1 100000 10000 [ 1 100 7 0.0978031 0 ] [ 2 49 6 0.248695 0 ] [ 3 32 4 0.0392101 0 ] [ 4 9 1 0.00904202 0 ] [ 5 2 0 0.000841856 0 ] [ 6 100 4 0.087888 0 ] [ 7 16 2 0.145479 0 ] [ SUM 496 42 0.994683 ] 0.260547
