DBASE_NUM_TRANS : 3
DBASE_MAXITEM : 6
MINSUPPORT : 1 (0.333333)
FORMAT:
prefix: x x x x x x
#(-1) x - #subtree1
#(-1) x - #subtree2
prefix: 
0 5 - 1
0 1 - 3
0 2 - 3
0 3 - 3
0 4 - 3
prefix: 5 
0 1 - 1
0 2 - 1
0 3 - 1
0 4 - 1
prefix: 5 1 
0 2 - 1
0 3 - 1
0 4 - 1
prefix: 5 1 2 
1 3 - 1
1 4 - 1
prefix: 5 1 2 -1 3 
0 4 - 1
prefix: 5 1 3 
0 4 - 1
prefix: 5 2 
1 3 - 1
1 4 - 1
prefix: 5 2 -1 3 
0 4 - 1
prefix: 5 3 
0 4 - 1
prefix: 1 
0 5 - 1
0 1 - 1
0 2 - 3
0 3 - 2
0 4 - 3
prefix: 1 5 
0 1 - 1
0 3 - 1
0 2 - 1
0 4 - 1
prefix: 1 5 1 
0 3 - 1
0 2 - 1
0 4 - 1
prefix: 1 5 1 3 
0 4 - 1
prefix: 1 5 1 2 
1 3 - 1
1 4 - 1
prefix: 1 5 1 2 -1 3 
0 4 - 1
prefix: 1 5 3 
0 4 - 1
prefix: 1 5 2 
1 3 - 1
1 4 - 1
prefix: 1 5 2 -1 3 
0 4 - 1
prefix: 1 1 
0 3 - 1
0 2 - 1
0 4 - 1
prefix: 1 1 3 
0 4 - 1
prefix: 1 1 2 
1 3 - 1
1 4 - 1
prefix: 1 1 2 -1 3 
0 4 - 1
prefix: 1 3 
0 5 - 1
0 1 - 1
0 3 - 1
0 2 - 1
0 4 - 2
prefix: 1 3 5 
0 1 - 1
0 3 - 1
0 2 - 1
0 4 - 1
prefix: 1 3 5 1 
0 3 - 1
0 2 - 1
0 4 - 1
prefix: 1 3 5 1 3 
0 4 - 1
prefix: 1 3 5 1 2 
1 3 - 1
1 4 - 1
prefix: 1 3 5 1 2 -1 3 
0 4 - 1
prefix: 1 3 5 3 
0 4 - 1
prefix: 1 3 5 2 
1 3 - 1
1 4 - 1
prefix: 1 3 5 2 -1 3 
0 4 - 1
prefix: 1 3 1 
0 3 - 1
0 2 - 1
0 4 - 1
prefix: 1 3 1 3 
0 4 - 1
prefix: 1 3 1 2 
1 3 - 1
1 4 - 1
prefix: 1 3 1 2 -1 3 
0 4 - 1
prefix: 1 3 3 
0 4 - 1
prefix: 1 3 2 
1 5 - 1
1 1 - 1
1 3 - 1
1 2 - 1
1 4 - 1
prefix: 1 3 2 -1 5 
0 1 - 1
0 3 - 1
0 2 - 1
0 4 - 1
prefix: 1 3 2 -1 5 1 
0 3 - 1
0 2 - 1
0 4 - 1
prefix: 1 3 2 -1 5 1 3 
0 4 - 1
prefix: 1 3 2 -1 5 1 2 
1 3 - 1
1 4 - 1
prefix: 1 3 2 -1 5 1 2 -1 3 
0 4 - 1
prefix: 1 3 2 -1 5 3 
0 4 - 1
prefix: 1 3 2 -1 5 2 
1 3 - 1
1 4 - 1
prefix: 1 3 2 -1 5 2 -1 3 
0 4 - 1
prefix: 1 3 2 -1 1 
0 3 - 1
0 2 - 1
0 4 - 1
prefix: 1 3 2 -1 1 3 
0 4 - 1
prefix: 1 3 2 -1 1 2 
1 3 - 1
1 4 - 1
prefix: 1 3 2 -1 1 2 -1 3 
0 4 - 1
prefix: 1 3 2 -1 3 
0 4 - 1
prefix: 1 3 2 -1 2 
1 3 - 1
1 4 - 1
prefix: 1 3 2 -1 2 -1 3 
0 4 - 1
prefix: 1 2 
1 5 - 1
1 1 - 1
1 3 - 2
1 2 - 1
1 4 - 3
prefix: 1 2 -1 5 
0 1 - 1
0 2 - 1
0 3 - 1
0 4 - 1
prefix: 1 2 -1 5 1 
0 2 - 1
0 3 - 1
0 4 - 1
prefix: 1 2 -1 5 1 2 
1 3 - 1
1 4 - 1
prefix: 1 2 -1 5 1 2 -1 3 
0 4 - 1
prefix: 1 2 -1 5 1 3 
0 4 - 1
prefix: 1 2 -1 5 2 
1 3 - 1
1 4 - 1
prefix: 1 2 -1 5 2 -1 3 
0 4 - 1
prefix: 1 2 -1 5 3 
0 4 - 1
prefix: 1 2 -1 1 
0 2 - 1
0 3 - 1
0 4 - 1
prefix: 1 2 -1 1 2 
1 3 - 1
1 4 - 1
prefix: 1 2 -1 1 2 -1 3 
0 4 - 1
prefix: 1 2 -1 1 3 
0 4 - 1
prefix: 1 2 -1 2 
1 3 - 1
1 4 - 1
prefix: 1 2 -1 2 -1 3 
0 4 - 1
prefix: 1 2 -1 3 
0 4 - 2
prefix: 2 
0 1 - 1
0 2 - 1
0 3 - 1
0 4 - 1
prefix: 2 1 
1 2 - 1
0 2 - 1
1 3 - 1
0 4 - 1
prefix: 2 1 -1 2 
1 3 - 1
prefix: 2 1 2 
2 2 - 1
2 3 - 1
1 4 - 1
prefix: 2 1 2 -1 -1 2 
1 3 - 1
prefix: 2 1 2 -1 4 
2 2 - 1
2 3 - 1
prefix: 2 1 2 -1 4 -1 -1 2 
1 3 - 1
prefix: 2 1 4 
2 2 - 1
2 3 - 1
prefix: 2 1 4 -1 -1 2 
1 3 - 1
prefix: 2 2 
1 2 - 1
1 3 - 1
1 4 - 1
prefix: 2 2 -1 2 
1 3 - 1
prefix: 2 2 -1 4 
1 2 - 1
1 3 - 1
prefix: 2 2 -1 4 -1 2 
1 3 - 1
prefix: 2 4 
1 2 - 1
1 3 - 1
prefix: 2 4 -1 2 
1 3 - 1
prefix: 3 
0 5 - 1
0 1 - 1
0 2 - 1
0 3 - 1
0 4 - 2
prefix: 3 5 
0 1 - 1
0 2 - 1
0 3 - 1
0 4 - 1
prefix: 3 5 1 
0 2 - 1
0 3 - 1
0 4 - 1
prefix: 3 5 1 2 
1 3 - 1
1 4 - 1
prefix: 3 5 1 2 -1 3 
0 4 - 1
prefix: 3 5 1 3 
0 4 - 1
prefix: 3 5 2 
1 3 - 1
1 4 - 1
prefix: 3 5 2 -1 3 
0 4 - 1
prefix: 3 5 3 
0 4 - 1
prefix: 3 1 
0 2 - 1
0 3 - 1
0 4 - 1
prefix: 3 1 2 
1 3 - 1
1 4 - 1
prefix: 3 1 2 -1 3 
0 4 - 1
prefix: 3 1 3 
0 4 - 1
prefix: 3 2 
1 5 - 1
1 1 - 1
1 2 - 1
1 3 - 1
1 4 - 1
prefix: 3 2 -1 5 
0 1 - 1
0 2 - 1
0 3 - 1
0 4 - 1
prefix: 3 2 -1 5 1 
0 2 - 1
0 3 - 1
0 4 - 1
prefix: 3 2 -1 5 1 2 
1 3 - 1
1 4 - 1
prefix: 3 2 -1 5 1 2 -1 3 
0 4 - 1
prefix: 3 2 -1 5 1 3 
0 4 - 1
prefix: 3 2 -1 5 2 
1 3 - 1
1 4 - 1
prefix: 3 2 -1 5 2 -1 3 
0 4 - 1
prefix: 3 2 -1 5 3 
0 4 - 1
prefix: 3 2 -1 1 
0 2 - 1
0 3 - 1
0 4 - 1
prefix: 3 2 -1 1 2 
1 3 - 1
1 4 - 1
prefix: 3 2 -1 1 2 -1 3 
0 4 - 1
prefix: 3 2 -1 1 3 
0 4 - 1
prefix: 3 2 -1 2 
1 3 - 1
1 4 - 1
prefix: 3 2 -1 2 -1 3 
0 4 - 1
prefix: 3 2 -1 3 
0 4 - 1
prefix: 3 3 
0 4 - 1

Summary
F1 - 5 6
F2 - 18 25
F3 - 45 164
F4 - 65 326
F5 - 55 344
F6 - 28 222
F7 - 8 88
F8 - 1 20
F9 - 0 2
TIME = 0.00794315
