VTREEMINER PRUNE [ 1 10 9 0.1183 0 ] [ 2 81 11 1.49008 0 ] [ 3 74 5 1.23336 0 ] [ 4 8 1 0.114541 0 ] [ 5 0 0 9.99996e-06 0 ] [ SUM 173 26 2.95629 ] 3.0558
VTREEMINER PRUNE ../../db/tt2.data 0.05 100000 5000 [ 1 10 9 0.091033 0 ] [ 2 81 11 1.45609 0 ] [ 3 74 5 1.15505 0 ] [ 4 8 1 0.103995 0 ] [ 5 0 0 1.1e-05 0 ] [ SUM 173 26 2.80618 ] 2.90459
VTREEMINER PRUNE MULTIPLE ../../db/tt3.data 0 1 100 [ 1 10 0 0.02048 0 ] [ 2 0 0 0.013748 0 ] [ SUM 10 0 0.034228 ] 0.034861
VTREEMINER PRUNE MULTIPLE ../../db/tt3.data 0 1 50 [ 1 10 0 0.017084 0 ] [ 2 0 0 0.004234 0 ] [ SUM 10 0 0.021318 ] 0.021959
VTREEMINER PRUNE MULTIPLE ../../db/tt3.data 0 1 20 [ 1 10 1 0.017612 0 ] [ 2 1 0 0.004254 0 ] [ SUM 11 1 0.021866 ] 0.026257
VTREEMINER MULTIPLE ../../db/tt3.data 0 1 20 [ 1 10 1 0.023016 0 ] [ 2 1 0 0.00529 0 ] [ SUM 11 1 0.028306 ] 0.028869
VTREEMINER PRUNE ../../db/tt2.data 0.01 100000 1000 [ 1 10 10 0.38003 0 ] [ 2 100 44 2.13379 0 ] [ 3 572 112 2.79434 0 ] [ 4 769 121 3.14678 0 ] [ 5 231 61 0.798179 0 ] [ 6 16 13 0.065095 0 ] [ 7 1 1 0.004099 0 ] [ 8 0 0 9.00001e-06 0 ] [ SUM 1699 362 9.32233 ] 9.67595
VTREEMINER PRUNE ../../db/tt2.data 0.005 100000 500 [ 1 10 10 0.093792 0 ] [ 2 100 56 2.22035 0 ] [ 3 852 190 2.98618 0 ] [ 4 1588 326 4.50066 0 ] [ 5 772 278 2.13266 0 ] [ 6 159 124 0.461318 0 ] [ 7 26 26 0.08853 0 ] [ 8 2 2 0.00347 0 ] [ 9 0 0 1.4e-05 0 ] [ SUM 3509 1012 12.487 ] 12.9885
VTREEMINER PRUNE ../../db/tt2.data 0.01 100000 1000 [ 1 10 10 0.100099 0 ] [ 2 100 44 2.03028 0 ] [ 3 572 112 2.8298 0 ] [ 4 598 121 2.78432 0 ] [ 5 131 61 0.635414 0 ] [ 6 13 13 0.061782 0 ] [ 7 1 1 0.003608 0 ] [ 8 0 0 1e-05 0 ] [ SUM 1425 362 8.44531 ] 8.76551
VTREEMINER PRUNE ../../db/tt2.data 0.005 100000 500 [ 1 10 10 0.079793 0 ] [ 2 100 56 2.25109 0 ] [ 3 852 190 2.87617 0 ] [ 4 1334 326 4.28831 0 ] [ 5 599 278 1.92821 0 ] [ 6 143 124 0.453323 0 ] [ 7 26 26 0.065987 0 ] [ 8 2 2 0.004114 0 ] [ 9 0 0 1.5e-05 0 ] [ SUM 3066 1012 11.947 ] 12.4475
VTREEMINER PRUNE ../../db/tt2.data 0.01 100000 1000 [ 1 10 10 0.074543 0 ] [ 2 100 44 2.04893 0 ] [ 3 548 112 2.7047 0 ] [ 4 598 121 2.73637 0 ] [ 5 131 61 0.591282 0 ] [ 6 13 13 0.060808 0 ] [ 7 1 1 0.006416 0 ] [ 8 0 0 9.00001e-06 0 ] [ SUM 1401 362 8.22305 ] 8.58589
VTREEMINER PRUNE ../../db/tt2.data 0.005 100000 500 [ 1 10 10 0.099628 0 ] [ 2 100 56 2.19353 0 ] [ 3 824 190 2.93417 0 ] [ 4 1334 326 4.29294 0 ] [ 5 599 278 1.97254 0 ] [ 6 143 124 0.41176 0 ] [ 7 26 26 0.074449 0 ] [ 8 2 2 0.003644 0 ] [ 9 0 0 1.4e-05 0 ] [ SUM 3038 1012 11.9827 ] 12.4446
VTREEMINER PRUNE ../../db/tt2.data 0.001 100000 100 [ 1 10 10 0.081022 0 ] [ 2 100 67 2.85472 0 ] [ 3 1160 404 3.98872 0 ] [ 4 4044 1546 7.90278 0 ] [ 5 7186 3328 10.6785 0 ] [ 6 6041 3948 9.41145 0 ] [ 7 3205 2707 5.0056 0 ] [ 8 1111 1064 1.41068 0 ] [ 9 218 218 0.170954 0 ] [ 10 18 18 0.021909 0 ] [ 11 0 0 0.000176 0 ] [ SUM 23093 13310 41.5265 ] 43.5276
VTREEMINER PRUNE /home/zaki/dmine/datagen/tree_generation/xx.data 0.01 100000 1000 [ 1 100 98 0.076694 0 ] [ 2 9604 0 0.569563 0 ] [ SUM 9704 98 0.646257 ] 0.646975
VTREEMINER PRUNE /home/zaki/dmine/datagen/tree_generation/xx.data 0.001 100000 100 [ 1 100 100 0.051945 0 ] [ 2 10000 308 0.952223 0 ] [ 3 2325 7 0.104658 0 ] [ 4 2 0 0.000107 0 ] [ SUM 12427 415 1.10893 ] 1.11983
VTREEMINER PRUNE /home/zaki/dmine/datagen/tree_generation/xx.data 0.0001 100000 10 [ 1 100 100 0.050795 0 ] [ 2 10000 3618 4.14019 0 ] [ 3 246339 5006 3.38992 0 ] [ 4 12825 2693 0.434884 0 ] [ 5 1446 739 0.087068 0 ] [ 6 122 99 0.012361 0 ] [ 7 7 6 0.001402 0 ] [ 8 0 0 4.3e-05 0 ] [ SUM 270839 12261 8.11667 ] 8.29386
VTREEMINER PRUNE /home/zaki/dmine/datagen/tree_generation/xx.data 5e-05 100000 5 [ 1 100 100 0.050599 0 ] [ 2 10000 4709 5.143 0 ] [ 3 424915 11582 5.25751 0 ] [ 4 69484 10886 2.46911 0 ] [ 5 13363 6023 1.24805 0 ] [ 6 2760 2292 0.321475 0 ] [ 7 688 657 0.07265 0 ] [ 8 142 141 0.014992 0 ] [ 9 19 19 0.001871 0 ] [ 10 1 1 0.0002 0 ] [ 11 0 0 1e-05 0 ] [ SUM 521472 36410 14.5795 ] 15.1024
VTREEMINER PRUNE /home/zaki/dmine/datagen/tree_generation/xx.data 0.01 100000 1000 [ 1 19995 82 0.097148 0 ] [ 2 6724 24 0.445566 0 ] [ 3 44 2 0.024901 0 ] [ 4 0 0 2e-05 0 ] [ SUM 26763 108 0.567635 ] 0.573691
VTREEMINER PRUNE /home/zaki/dmine/datagen/tree_generation/xx.data 0.001 100000 100 [ 1 19995 244 0.087713 0 ] [ 2 59536 356 0.974707 0 ] [ 3 2429 427 0.434959 0 ] [ 4 768 253 0.10886 0 ] [ 5 137 74 0.026993 0 ] [ 6 17 8 0.003009 0 ] [ 7 0 0 7.39999e-05 0 ] [ SUM 82882 1362 1.63631 ] 1.68078
VTREEMINER PRUNE /home/zaki/dmine/datagen/tree_generation/xx.data 0.0001 100000 10 [ 1 19995 646 0.074586 0 ] [ 2 417316 1280 1.29893 0 ] [ 3 17901 2974 0.853446 0 ] [ 4 12280 4494 0.540589 0 ] [ 5 7059 4561 0.410554 0 ] [ 6 3665 3216 0.25571 0 ] [ 7 1649 1609 0.121522 0 ] [ 8 564 563 0.054328 0 ] [ 9 129 129 0.014401 0 ] [ 10 17 17 0.002984 0 ] [ 11 1 1 0.000274 0 ] [ 12 0 0 1.3e-05 0 ] [ SUM 480576 19490 3.62733 ] 3.91485
VTREEMINER PRUNE /home/zaki/dmine/datagen/tree_generation/xx.data 0.0001 100000 10 [ 1 29993 637 0.099975 0 ] [ 2 405769 1280 1.28605 0 ] [ 3 17763 2974 0.847999 0 ] [ 4 12280 4494 0.549656 0 ] [ 5 7059 4561 0.392864 0 ] [ 6 3665 3216 0.257697 0 ] [ 7 1649 1609 0.122236 0 ] [ 8 564 563 0.050699 0 ] [ 9 129 129 0.015097 0 ] [ 10 17 17 0.002345 0 ] [ 11 1 1 0.000275 0 ] [ 12 0 0 1.3e-05 0 ] [ SUM 478889 19481 3.62491 ] 3.93854
VTREEMINER PRUNE /home/zaki/dmine/datagen/tree_generation/tt.data 0.01 100000 1000 [ 1 98 9 0.085315 0 ] [ 2 81 16 1.15104 0 ] [ 3 165 21 0.728531 0 ] [ 4 49 15 0.122792 0 ] [ 5 6 6 0.027754 0 ] [ 6 1 1 0.003356 0 ] [ 7 0 0 1.2e-05 0 ] [ SUM 400 68 2.1188 ] 2.18106
VTREEMINER PRUNE /home/zaki/dmine/datagen/tree_generation/tt.data 0.005 100000 500 [ 1 98 11 0.051953 0 ] [ 2 121 27 1.20566 0 ] [ 3 303 54 0.924006 0 ] [ 4 134 62 0.208036 0 ] [ 5 54 46 0.090197 0 ] [ 6 23 23 0.035093 0 ] [ 7 7 7 0.015087 0 ] [ 8 1 1 0.0011 0 ] [ 9 0 0 1e-05 0 ] [ SUM 741 231 2.53114 ] 2.60919
VTREEMINER PRUNE /home/zaki/dmine/datagen/tree_generation/tt.data 0.01 100000 1000 [ 1 998 17 0.111225 0 ] [ 2 289 62 1.56399 0 ] [ 3 1032 192 2.27855 0 ] [ 4 810 374 1.43448 0 ] [ 5 577 502 1.52032 0 ] [ 6 494 484 1.42493 0 ] [ 7 337 337 0.898663 0 ] [ 8 166 166 0.454368 0 ] [ 9 55 55 0.136176 0 ] [ 10 11 11 0.029574 0 ] [ 11 1 1 0.004613 0 ] [ 12 0 0 2.1e-05 0 ] [ SUM 4770 2201 9.85691 ] 10.4549
VTREEMINER PRUNE /home/zaki/dmine/datagen/tree_generation/tt.data 0.001 100000 100 [ 1 98 15 0.080283 0 ] [ 2 225 54 1.29714 0 ] [ 3 849 179 1.32173 0 ] [ 4 943 366 0.483555 0 ] [ 5 639 498 0.358371 0 ] [ 6 479 479 0.247162 0 ] [ 7 333 333 0.149687 0 ] [ 8 165 165 0.063945 0 ] [ 9 55 55 0.020976 0 ] [ 10 11 11 0.004277 0 ] [ 11 1 1 0.001292 0 ] [ 12 0 0 8e-06 0 ] [ SUM 3798 2156 4.02842 ] 4.18551
VTREEMINER PRUNE /home/zaki/dmine/datagen/tree_generation/tt.data 0.0005 100000 50 [ 1 98 16 0.052069 0 ] [ 2 256 60 1.3608 0 ] [ 3 1022 246 1.39959 0 ] [ 4 1514 605 0.570649 0 ] [ 5 1440 984 0.465808 0 ] [ 6 1214 1114 0.434355 0 ] [ 7 893 893 0.320709 0 ] [ 8 500 500 0.178757 0 ] [ 9 186 186 0.058149 0 ] [ 10 41 41 0.014966 0 ] [ 11 4 4 0.001955 0 ] [ 12 0 0 3.6e-05 0 ] [ SUM 7168 4649 4.85784 ] 5.05987
VTREEMINER PRUNE /home/zaki/dmine/datagen/tree_generation/tt.data 0.0001 100000 10 [ 1 98 20 0.0531 0 ] [ 2 400 83 1.42007 0 ] [ 3 1695 421 1.62449 0 ] [ 4 3043 1314 0.689829 0 ] [ 5 3740 2761 0.769457 0 ] [ 6 4329 4115 1.10259 0 ] [ 7 4477 4467 1.36792 0 ] [ 8 3564 3564 1.16512 0 ] [ 9 2074 2074 0.665748 0 ] [ 10 858 858 0.240628 0 ] [ 11 239 239 0.058284 0 ] [ 12 40 40 0.009721 0 ] [ 13 3 3 0.000733 0 ] [ 14 0 0 3.7e-05 0 ] [ SUM 24560 19959 9.16773 ] 9.68633
VTREEMINER PRUNE MULTIPLE /home/zaki/dmine/db/longtree.data 0 1 1000 [ 1 10 0 0.012459 0 ] [ 2 0 0 0.003206 0 ] [ SUM 10 0 0.015665 ] 0.016227
VTREEMINER PRUNE MULTIPLE /home/zaki/dmine/db/longtree.data 0 1 700 [ 1 10 0 0.01698 0 ] [ 2 0 0 0.004193 0 ] [ SUM 10 0 0.021173 ] 0.021727
VTREEMINER PRUNE MULTIPLE /home/zaki/dmine/db/longtree.data 0 1 500 [ 1 10 0 0.021003 0 ] [ 2 0 0 0.004693 0 ] [ SUM 10 0 0.025696 ] 0.026272
VTREEMINER PRUNE MULTIPLE /home/zaki/dmine/db/longtree.data 0 1 300 [ 1 10 0 0.021344 0 ] [ 2 0 0 0.004877 0 ] [ SUM 10 0 0.026221 ] 0.026785
VTREEMINER PRUNE MULTIPLE /home/zaki/dmine/db/longtree.data 0 1 100 [ 1 10 0 0.021538 0 ] [ 2 0 0 0.004695 0 ] [ SUM 10 0 0.026233 ] 0.026796
VTREEMINER PRUNE MULTIPLE /home/zaki/dmine/db/longtree.data 0 1 10 [ 1 100 0 0.012355 0 ] [ 2 0 0 0.00322 0 ] [ SUM 100 0 0.015575 ] 0.01621
VTREEMINER PRUNE MULTIPLE /home/zaki/dmine/db/longtree.data 7 1 7 [ 1 100 5 0.005729 0 ] [ 2 25 0 0.000921 0 ] [ SUM 125 5 0.00665 ] 0.007289
VTREEMINER PRUNE ../../db/my7.data 0.2 1 1 [ 1 3 3 0.018532 0 ] [ 2 9 4 0.000173 0 ] [ 3 16 8 0.000137 0 ] [ 4 26 12 0.000223 0 ] [ 5 32 12 0.000267 0 ] [ 6 22 6 0.000277 0 ] [ 7 2 1 0.00013 0 ] [ 8 0 0 1.7e-05 0 ] [ SUM 110 46 0.019756 ] 0.052719
VTREEMINER PRUNE ../../db/my1.data 0.5 3 2 [ 1 6 4 0.001546 0 ] [ 2 16 4 0.00048 0 ] [ 3 20 3 0.000154 0 ] [ 4 10 1 9.7e-05 0 ] [ 5 2 0 1.6e-05 0 ] [ SUM 54 12 0.002293 ] 0.00361
VTREEMINER PRUNE MULTIPLE ../../db/my1.data 0.5 3 2 [ 1 6 4 0.001631 0 ] [ 2 16 5 0.000461 0 ] [ 3 22 3 0.000195 0 ] [ 4 10 1 0.000228 0 ] [ 5 2 0 1.7e-05 0 ] [ SUM 56 13 0.002532 ] 0.003854
VTREEMINER PRUNE MULTIPLE ../../db/my1.data 0.6 3 2 [ 1 6 4 0.001514 0 ] [ 2 16 5 0.000475 0 ] [ 3 22 3 0.000166 0 ] [ 4 10 1 9.50001e-05 0 ] [ 5 2 0 1.6e-05 0 ] [ SUM 56 13 0.002266 ] 0.003591
VTREEMINER PRUNE MULTIPLE ../../db/my1.data 0.8 3 2 [ 1 6 4 0.001488 0 ] [ 2 16 5 0.000645 0 ] [ 3 22 3 0.000166 0 ] [ 4 10 1 9.4e-05 0 ] [ 5 2 0 1.6e-05 0 ] [ SUM 56 13 0.002409 ] 0.003786
VTREEMINER PRUNE ../../db/my1.data 0.8 3 2 [ 1 6 4 0.001907 0 ] [ 2 16 4 0.00046 0 ] [ 3 20 3 0.000155 0 ] [ 4 10 1 9.5e-05 0 ] [ 5 2 0 1.59999e-05 0 ] [ SUM 54 12 0.002633 ] 0.003933
VTREEMINER PRUNE ../../db/my1.data 1 3 3 [ 1 6 4 0.001524 0 ] [ 2 16 2 0.00042 0 ] [ 3 8 1 8.3e-05 0 ] [ 4 2 0 1.6e-05 0 ] [ SUM 32 7 0.002043 ] 0.003112
VTREEMINER PRUNE ../../db/my1.data 0.5 3 2 [ 1 6 4 0.001505 0 ] [ 2 16 4 0.00044 0 ] [ 3 20 3 0.000153 0 ] [ 4 10 1 9.4e-05 0 ] [ 5 2 0 1.59999e-05 0 ] [ SUM 54 12 0.002208 ] 0.003508
VTREEMINER PRUNE /home/zaki/dmine/trees/db/cslogs.data 0.9 59691 53722 [ 1 13361 0 0.499565 0 ] [ 2 0 0 0.194879 0 ] [ SUM 13361 0 0.694444 ] 0.715765
VTREEMINER PRUNE /home/zaki/dmine/trees/db/cslogs.data 0.5 59691 29846 [ 1 13361 0 0.101204 0 ] [ 2 0 0 0.195358 0 ] [ SUM 13361 0 0.296562 ] 0.299148
VTREEMINER PRUNE /home/zaki/dmine/trees/db/cslogs.data 0.1 59691 5969 [ 1 13361 2 0.10143 0 ] [ 2 4 0 0.20658 0 ] [ SUM 13365 2 0.30801 ] 0.308344
VTREEMINER PRUNE /home/zaki/dmine/trees/db/cslogs.data 0.05 59691 2985 [ 1 13361 6 0.091394 0 ] [ 2 36 0 0.240845 0 ] [ SUM 13397 6 0.332239 ] 0.332569
VTREEMINER INCR PRUNE /home/zaki/dmine/trees/db/cslogs.data 0.05 59691 2985 [ 1 13361 6 0.113093 0 ] [ 2 36 0 0.241006 0 ] [ SUM 13397 6 0.354099 ] 0.354438
VTREEMINER PRUNE /home/zaki/DMINE/logdata/oct1924.other.data 0.005 6869 34 [ 1 56584 240 0.01845 0 ] [ 2 57600 291 0.061983 0 ] [ 3 8838 289 0.089878 0 ] [ 4 2838 255 0.030211 0 ] [ 5 2063 143 0.020754 0 ] [ 6 779 39 0.007894 0 ] [ 7 122 5 0.00121 0 ] [ 8 10 0 9.4e-05 0 ] [ SUM 128834 1262 0.230474 ] 0.236469
VTREEMINER PRUNE /home/zaki/dmine/logdata/oct1924.edu.data 0.003 2136 6 [ 1 56746 416 0.083689 0 ] [ 2 173056 699 0.054062 0 ] [ 3 17590 924 0.048757 0 ] [ 4 8046 1081 0.031302 0 ] [ 5 6380 1156 0.023192 0 ] [ 6 5673 961 0.023662 0 ] [ 7 4006 589 0.019077 0 ] [ 8 2109 257 0.013156 0 ] [ 9 793 75 0.004984 0 ] [ 10 200 13 0.001426 0 ] [ 11 30 1 0.000244 0 ] [ 12 2 0 2.1e-05 0 ] [ SUM 274631 6172 0.303572 ] 0.350145
VTREEMINER PRUNE /home/zaki/dmine/logdata/oct1924.edu.data 0.003 2136 6 [ 1 56746 416 0.123237 0 ] [ 2 173056 699 0.129661 0 ] [ 3 17590 924 0.038541 0 ] [ 4 8046 1081 0.025007 0 ] [ 5 6380 1156 0.029323 0 ] [ 6 5673 961 0.024017 0 ] [ 7 4006 589 0.019907 0 ] [ 8 2109 257 0.012103 0 ] [ 9 793 75 0.005176 0 ] [ 10 200 13 0.001472 0 ] [ 11 30 1 0.000265 0 ] [ 12 2 0 2.1e-05 0 ] [ SUM 274631 6172 0.40873 ] 2.42556
VTREEMINER PRUNE /home/zaki/dmine/logdata/oct1924.edu.data 0.003 2136 6 [ 1 56746 416 0.021751 0 ] [ 2 173056 699 0.044113 0 ] [ 3 17590 924 0.039878 0 ] [ 4 8046 1081 0.027735 0 ] [ 5 6380 1156 0.02352 0 ] [ 6 5673 961 0.024135 0 ] [ 7 4006 589 0.020124 0 ] [ 8 2109 257 0.017089 0 ] [ 9 793 75 0.00525 0 ] [ 10 200 13 0.001495 0 ] [ 11 30 1 0.000256 0 ] [ 12 2 0 2.1e-05 0 ] [ SUM 274631 6172 0.225367 ] 0.32347
VTREEMINER PRUNE /home/zaki/dmine/logdata/oct1924.other.data 0.003 6869 21 [ 1 56584 471 0.055265 0 ] [ 2 221841 653 0.103364 0 ] [ 3 42997 1742 0.340619 0 ] [ 4 33492 2221 0.291385 0 ] [ 5 13005 2484 0.137424 0 ] [ 6 10235 2178 0.134175 0 ] [ 7 7407 1401 0.090107 0 ] [ 8 3817 642 0.049846 0 ] [ 9 1250 193 0.021813 0 ] [ 10 228 34 0.004436 0 ] [ 11 11 3 0.000392 0 ] [ 12 0 0 1.59999e-05 0 ] [ SUM 390867 12022 1.22884 ] 1.51465
VTREEMINER PRUNE /home/zaki/dmine/logdata/oct1924.other.data 0.003 6869 21 [ 1 56584 471 0.027202 0 ] [ 2 221841 653 0.096035 0 ] [ 3 42997 1742 0.302584 0 ] [ 4 33492 2221 0.26476 0 ] [ 5 13005 2484 0.123402 0 ] [ 6 10235 2178 0.109316 0 ] [ 7 7407 1401 0.083762 0 ] [ 8 3817 642 0.048928 0 ] [ 9 1250 193 0.018732 0 ] [ 10 228 34 0.004275 0 ] [ 11 11 3 0.000381 0 ] [ 12 0 0 1.5e-05 0 ] [ SUM 390867 12022 1.07939 ] 1.31182
VTREEMINER PRUNE /home/zaki/dmine/logdata/oct1924.edu.data 0.003 2136 6 [ 1 56746 416 0.018366 0 ] [ 2 173056 699 0.050571 0 ] [ 3 17590 924 0.038192 0 ] [ 4 8046 1081 0.024819 0 ] [ 5 6380 1156 0.023335 0 ] [ 6 5673 961 0.024126 0 ] [ 7 4006 589 0.01963 0 ] [ 8 2109 257 0.011882 0 ] [ 9 793 75 0.005064 0 ] [ 10 200 13 0.001449 0 ] [ 11 30 1 0.000248 0 ] [ 12 2 0 2.1e-05 0 ] [ SUM 274631 6172 0.217703 ] 0.316528
VTREEMINER PRUNE /home/zaki/dmine/logdata/oct1924.edu.data 0.003 2136 6 [ 1 56746 416 0.025876 0 ] [ 2 173056 699 0.042738 0 ] [ 3 17590 924 0.039178 0 ] [ 4 8046 1081 0.025127 0 ] [ 5 6380 1156 0.023806 0 ] [ 6 5673 961 0.02436 0 ] [ 7 4006 589 0.019937 0 ] [ 8 2109 257 0.018142 0 ] [ 9 793 75 0.005229 0 ] [ 10 200 13 0.001484 0 ] [ 11 30 1 0.000255 0 ] [ 12 2 0 2.1e-05 0 ] [ SUM 274631 6172 0.226153 ] 0.320258
VTREEMINER PRUNE /home/zaki/dmine/logdata/oct1924.other.data 0.003 6869 21 [ 1 56584 471 0.030959 0 ] [ 2 221841 653 0.094541 0 ] [ 3 42997 1742 0.309892 0 ] [ 4 33492 2221 0.259564 0 ] [ 5 13005 2484 0.128733 0 ] [ 6 10235 2178 0.107496 0 ] [ 7 7407 1401 0.084879 0 ] [ 8 3817 642 0.049819 0 ] [ 9 1250 193 0.018805 0 ] [ 10 228 34 0.004286 0 ] [ 11 11 3 0.000391 0 ] [ 12 0 0 1.49999e-05 0 ] [ SUM 390867 12022 1.08938 ] 1.32108
VTREEMINER PRUNE /home/zaki/dmine/Xrules/DB/us1924/us1924.vr.edu.data 0.005 1962 10 [ 1 56746 217 0.017763 0 ] [ 2 47089 461 0.036214 0 ] [ 3 96989 434 0.215456 0 ] [ 4 4665 186 0.016785 0 ] [ 5 784 34 0.003511 0 ] [ 6 25 3 0.000235 0 ] [ 7 0 0 1.09999e-05 0 ] [ SUM 206298 1335 0.289975 ] 0.317844
VTREEMINER PRUNE /home/zaki/dmine/Xrules/DB/us1924/us1924.vr.other.data 0.005 6112 31 [ 1 56584 208 0.03704 0 ] [ 2 43264 474 0.119772 0 ] [ 3 91193 766 0.823788 0 ] [ 4 11482 830 0.122055 0 ] [ 5 7984 619 0.079724 0 ] [ 6 4308 259 0.042494 0 ] [ 7 1172 56 0.011922 0 ] [ 8 156 5 0.001636 0 ] [ 9 10 0 0.00011 0 ] [ SUM 216153 3217 1.23854 ] 1.28772
VTREEMINER PRUNE /home/zaki/dmine/Xrules/DB/us1924/us1924.vr.other.data 0.01 6112 61 [ 1 56584 94 0.018484 0 ] [ 2 8836 171 0.079865 0 ] [ 3 18683 209 0.278698 0 ] [ 4 2696 105 0.047166 0 ] [ 5 750 15 0.011105 0 ] [ 6 41 0 0.00059 0 ] [ SUM 87590 594 0.435908 ] 0.441615
VTREEMINER PRUNE /home/zaki/dmine/Xrules/DB/us1924/us1924.vr.other.data 0.1 6112 611 [ 1 56584 2 0.01788 0 ] [ 2 4 1 0.015636 0 ] [ 3 2 0 0.000297 0 ] [ SUM 56590 3 0.033813 ] 0.034369
VTREEMINER PRUNE /home/zaki/dmine/Xrules/DB/us1924/us1924.vr.other.data 0.1 6112 611 [ 1 56584 2 0.018088 0 ] [ 2 4 1 0.015498 0 ] [ 3 2 0 0.000315 0 ] [ SUM 56590 3 0.033901 ] 0.034454
VTREEMINER PRUNE /home/zaki/dmine/Xrules/DB/us1924/us1924.vr.edu.data 0.1 1962 196 [ 1 56746 3 0.015361 0 ] [ 2 9 2 0.005056 0 ] [ 3 8 0 0.000277 0 ] [ SUM 56763 5 0.020694 ] 0.02155
VTREEMINER PRUNE /home/zaki/dmine/Xrules/DB/us1924/us1924.vr.edu.data 0.05 1962 98 [ 1 56746 6 0.015828 0 ] [ 2 36 6 0.005984 0 ] [ 3 52 1 0.000742 0 ] [ 4 2 0 4e-05 0 ] [ SUM 56836 13 0.022594 ] 0.023712
VTREEMINER PRUNE /home/zaki/dmine/Xrules/DB/us1924/us1924.vr.edu.data 0.005 1962 10 [ 1 56746 217 0.030678 0 ] [ 2 47089 461 0.095026 0 ] [ 3 96989 434 0.331595 0 ] [ 4 4665 186 0.017264 0 ] [ 5 784 34 0.00363 0 ] [ 6 25 3 0.000258 0 ] [ 7 0 0 1.10001e-05 0 ] [ SUM 206298 1335 0.478462 ] 0.612642
VTREEMINER PRUNE /home/zaki/dmine/Xrules/DB/us1924/us1924.vr.edu.data 0.05 1962 98 [ 1 56746 6 0.014692 0 ] [ 2 36 6 0.005124 0 ] [ 3 52 1 0.000734 0 ] [ 4 2 0 3.6e-05 0 ] [ SUM 56836 13 0.020586 ] 0.02175
VTREEMINER PRUNE /home/zaki/dmine/Xrules/DB/us1924/us1924.vr.edu.data 0.04 1962 78 [ 1 56746 11 0.014052 0 ] [ 2 121 11 0.006073 0 ] [ 3 202 1 0.001934 0 ] [ 4 2 0 3.7e-05 0 ] [ SUM 57071 23 0.022096 ] 0.022703
VTREEMINER PRUNE /home/zaki/dmine/Xrules/DB/us1924/us1924.vr.edu.data 0.04 1962 78 [ 1 56746 11 0.01408 0 ] [ 2 121 11 0.0061 0 ] [ 3 202 1 0.00194 0 ] [ 4 2 0 3.8e-05 0 ] [ SUM 57071 23 0.022158 ] 0.022781
VTREEMINER PRUNE /home/zaki/dmine/Xrules/DB/us1924/us1924.vr.other.data 0.04 6112 244 [ 1 56584 19 0.018138 0 ] [ 2 361 25 0.032375 0 ] [ 3 746 7 0.035114 0 ] [ 4 98 0 0.003622 0 ] [ SUM 57789 51 0.089249 ] 0.092142
VTREEMINER PRUNE /home/zaki/dmine/Xrules/DB/us1924/us1924.vr.edu.data 0.04 1962 78 [ 1 56746 11 0.014024 0 ] [ 2 121 11 0.006142 0 ] [ 3 202 1 0.00195 0 ] [ 4 2 0 4.1e-05 0 ] [ SUM 57071 23 0.022157 ] 0.022789
VTREEMINER PRUNE /home/zaki/dmine/Xrules/DB/us1924/us1924.vr.edu.data 0.04 1962 78 [ 1 56746 11 0.016085 0 ] [ 2 121 11 0.007558 0 ] [ 3 202 1 0.001957 0 ] [ 4 2 0 4.3e-05 0 ] [ SUM 57071 23 0.025643 ] 0.026891
VTREEMINER PRUNE /home/zaki/dmine/Xrules/DB/us1924/us1924.vr.edu.data 0.005 1962 10 [ 1 56746 217 0.025772 0 ] [ 2 47089 461 0.099004 0 ] [ 3 96989 434 0.311234 0 ] [ 4 4665 186 0.037708 0 ] [ 5 784 34 0.003701 0 ] [ 6 25 3 0.000255 0 ] [ 7 0 0 1.1e-05 0 ] [ SUM 206298 1335 0.477685 ] 0.667658
VTREEMINER PRUNE /home/zaki/dmine/Xrules/DB/us1924/us1924.vr.other.data 0.005 6112 31 [ 1 56584 208 0.047259 0 ] [ 2 43264 474 0.161655 0 ] [ 3 91193 766 1.00204 0 ] [ 4 11482 830 0.164311 0 ] [ 5 7984 619 0.134678 0 ] [ 6 4308 259 0.053269 0 ] [ 7 1172 56 0.012115 0 ] [ 8 156 5 0.001668 0 ] [ 9 10 0 0.000113 0 ] [ SUM 216153 3217 1.57711 ] 2.45069
VTREEMINER PRUNE /home/zaki/dmine/Xrules/DB/us1924/us1924.vr.edu.data 0.0025 1962 5 [ 1 56746 468 0.014216 0 ] [ 2 219024 1318 0.077263 0 ] [ 3 458680 2731 0.783297 0 ] [ 4 42892 4702 0.115284 0 ] [ 5 43540 7899 0.147895 0 ] [ 6 61357 11695 0.240749 0 ] [ 7 78657 14148 0.365708 0 ] [ 8 82166 13643 0.444228 0 ] [ 9 68493 10362 0.422061 0 ] [ 10 45148 6118 0.319945 0 ] [ 11 23240 2752 0.18928 0 ] [ 12 9152 912 0.083772 0 ] [ 13 2664 210 0.028112 0 ] [ 14 540 30 0.006279 0 ] [ 15 68 2 0.000879 0 ] [ 16 4 0 6e-05 0 ] [ SUM 1192371 76990 3.23903 ] 3.55302
VTREEMINER PRUNE /home/zaki/dmine/Xrules/masciari/synth2.train.data 0.5 218 109 [ 1 34 4 0.002345 0 ] [ 2 16 3 0.00514 0 ] [ 3 18 1 0.192099 0 ] [ 4 2 0 0.355849 0 ] [ SUM 70 8 0.555433 ] 0.559134
VTREEMINER /home/zaki/dmine/Xrules/masciari/synth2.train.data 0.5 218 109 [ 1 34 4 0.00233 0 ] [ 2 16 3 0.005293 0 ] [ 3 18 1 0.234424 0 ] [ 4 2 0 0.390349 0 ] [ SUM 70 8 0.632396 ] 0.636231
VTREEMINER /home/zaki/dmine/Xrules/masciari/synth2.train.data 0.4 218 87 [ 1 34 6 0.002548 0 ] [ 2 36 6 0.006619 0 ] [ 3 52 3 0.217941 0 ] [ 4 6 0 0.370231 0 ] [ SUM 128 15 0.597339 ] 0.602126
VTREEMINER PRUNE tt.data 1 1 1 [ 1 5 4 0.360371 0 ] [ 2 16 5 0.000133 0 ] [ 3 22 5 5.8e-05 0 ] [ 4 12 6 4.8e-05 0 ] [ 5 12 4 6.6e-05 0 ] [ 6 5 1 7.1e-05 0 ] [ 7 0 0 1.2e-05 0 ] [ SUM 72 25 0.360759 ] 0.361544
VTREEMINER PRUNE tt.data 1 1 1 [ 1 5 4 0.001732 0 ] [ 2 16 5 0.000914 0 ] [ 3 22 5 6.4e-05 0 ] [ 4 12 6 7e-05 0 ] [ 5 12 4 7.9e-05 0 ] [ 6 5 1 5.9e-05 0 ] [ 7 0 0 1.2e-05 0 ] [ SUM 72 25 0.00293 ] 0.031376
VTREEMINER PRUNE tt.asc 0.1 0 1 [ 1 0 0 0.027211 0 ] [ 2 0 0 5.3e-05 0 ] [ SUM 0 0 0.027264 ] 0.063715
VTREEMINER PRUNE tt.asc 1 0 1 [ 1 0 0 0.001047 0 ] [ 2 0 0 4.9e-05 0 ] [ SUM 0 0 0.001096 ] 0.001779
VTREEMINER PRUNE tt.data 1 1 1 [ 1 5 4 0.001491 0 ] [ 2 16 5 0.00076 0 ] [ 3 22 5 5.09999e-05 0 ] [ 4 12 6 4.2e-05 0 ] [ 5 12 4 5.50001e-05 0 ] [ 6 5 1 4.2e-05 0 ] [ 7 0 0 1e-05 0 ] [ SUM 72 25 0.002451 ] 0.00405
VTREEMINER PRUNE ../../db/my1.asc 0.2 3 1 [ 1 6 5 0.014751 0 ] [ 2 25 15 0.00101 0 ] [ 3 116 34 9.20001e-05 0 ] [ 4 176 48 0.000196 0 ] [ 5 71 41 0.000259 0 ] [ 6 26 22 0.000214 0 ] [ 7 7 7 0.000107 0 ] [ 8 1 1 3.2e-05 0 ] [ 9 0 0 4.00003e-06 0 ] [ SUM 428 173 0.016665 ] 0.132247
VTREEMINER PRUNE ../../db/my1.data 0.2 3 1 [ 1 6 5 0.000202 0 ] [ 2 25 15 0.000178 0 ] [ 3 116 34 8.9e-05 0 ] [ 4 176 48 0.000175 0 ] [ 5 71 41 0.000226 0 ] [ 6 26 22 0.000182 0 ] [ 7 7 7 9.19998e-05 0 ] [ 8 1 1 2.79999e-05 0 ] [ 9 0 0 2.99996e-06 0 ] [ SUM 428 173 0.001175 ] 0.004099
VTREEMINER PRUNE ../../db/cslogs.ascii 0.9 59691 53722 [ 1 13361 0 3.24483 0 ] [ 2 0 0 3.13394 0 ] [ SUM 13361 0 6.37877 ] 6.39096
VTREEMINER PRUNE ../../db/cslogs.ascii 0.2 59691 11938 [ 1 13361 0 3.20483 0 ] [ 2 0 0 3.10622 0 ] [ SUM 13361 0 6.31105 ] 6.31141
VTREEMINER PRUNE ../../db/cslogs.ascii 0.1 59691 5969 [ 1 13361 2 3.23819 0 ] [ 2 4 0 3.11623 0 ] [ SUM 13365 2 6.35443 ] 6.3548
VTREEMINER PRUNE ../../db/cslogs.ascii 0.05 59691 2985 [ 1 13361 6 3.24025 0 ] [ 2 36 0 3.24839 0 ] [ SUM 13397 6 6.48864 ] 6.48901
VTREEMINER PRUNE ../../db/cslogs.ascii 0.025 59691 1492 [ 1 13361 29 3.18776 0 ] [ 2 841 19 3.22741 0 ] [ 3 166 2 0.250692 0 ] [ 4 5 0 0.008172 0 ] [ SUM 14373 50 6.67403 ] 6.67563
VTREEMINER INCR ../../db/my1.asc 0 3 1 [ 1 6 5 0.000732064 0 ] [ 2 25 15 0.000959039 0 ] [ 3 122 34 0.000199914 0 ] [ 4 242 48 0.000296831 0 ] [ 5 254 41 0.000291824 0 ] [ 6 170 22 0.000216722 0 ] [ 7 72 7 9.27448e-05 0 ] [ 8 18 1 2.59876e-05 0 ] [ 9 2 0 5.96046e-06 0 ] [ SUM 911 173 0.00282109 ] 0.030561
VTREEMINER INCR ../../db/my1.asc 0 3 2 [ 1 6 4 0.00069201 0 ] [ 2 16 4 0.000363111 0 ] [ 3 20 3 7.39098e-05 0 ] [ 4 10 1 2.99215e-05 0 ] [ 5 2 0 5.96046e-06 0 ] [ SUM 54 12 0.00116491 ] 0.00187898
VTREEMINER INCR ../../db/my1.asc 0 3 1 [ 1 6 5 0.000738978 0 ] [ 2 25 15 0.000959039 0 ] [ 3 122 34 0.00019908 0 ] [ 4 242 48 0.000302076 0 ] [ 5 254 41 0.000289321 0 ] [ 6 170 22 0.000194907 0 ] [ 7 72 7 9.08375e-05 0 ] [ 8 18 1 2.31266e-05 0 ] [ 9 2 0 6.07967e-06 0 ] [ SUM 911 173 0.00280344 ] 0.02077
VTREEMINER INCR ../../db/my1.asc 0 3 1 [ 1 6 5 0.00265396 0 ] [ 2 25 15 0.000337124 0 ] [ 3 122 34 0.000196934 0 ] [ 4 242 48 0.000285268 0 ] [ 5 254 41 0.000269294 0 ] [ 6 170 22 0.000183225 0 ] [ 7 72 7 8.2612e-05 0 ] [ 8 18 1 2.43187e-05 0 ] [ 9 2 0 3.93391e-06 0 ] [ SUM 911 173 0.00403666 ] 0.00764203
VTREEMINER INCR ../../db/my1.asc 0 3 2 [ 1 6 4 0.00070703 0 ] [ 2 16 4 0.000360966 0 ] [ 3 20 3 7.39098e-05 0 ] [ 4 10 1 2.90871e-05 0 ] [ 5 2 0 5.96046e-06 0 ] [ SUM 54 12 0.00117695 ] 0.00188208
VTREEMINER INCR ../../db/my2.asc 0 1 1 [ 1 3 3 0.000602007 0 ] [ 2 9 4 0.000277042 0 ] [ 3 16 5 4.50611e-05 0 ] [ 4 16 4 3.016e-05 0 ] [ 5 9 1 1.5974e-05 0 ] [ 6 2 0 4.05312e-06 0 ] [ SUM 55 17 0.000974298 ] 0.00214398
VTREEMINER INCR ../../db/my2.asc 0 1 1 [ 1 3 3 0.000236988 0 ] [ 2 9 4 0.000100017 0 ] [ 3 16 5 4.20809e-05 0 ] [ 4 16 4 2.80142e-05 0 ] [ 5 9 1 1.29938e-05 0 ] [ 6 2 0 2.98023e-06 0 ] [ SUM 55 17 0.000423074 ] 0.000854015
VTREEMINER INCR ../../db/my2.asc 0 1 1 [ 1 3 3 0.000619054 0 ] [ 2 9 4 0.000285029 0 ] [ 3 16 5 4.29153e-05 0 ] [ 4 16 4 3.016e-05 0 ] [ 5 9 1 1.60933e-05 0 ] [ 6 2 0 3.93391e-06 0 ] [ SUM 55 17 0.000997186 ] 0.00291097
VTREEMINER INCR ../../db/my1.asc 0 3 1 [ 1 6 5 0.000738025 0 ] [ 2 25 15 0.000957966 0 ] [ 3 122 34 0.000199318 0 ] [ 4 242 48 0.000296116 0 ] [ 5 254 41 0.000280857 0 ] [ 6 170 22 0.000192523 0 ] [ 7 72 7 9.29832e-05 0 ] [ 8 18 1 2.59876e-05 0 ] [ 9 2 0 5.96046e-06 0 ] [ SUM 911 173 0.00278974 ] 0.0241101
VTREEMINER INCR ../../db/my3.asc 0 1 1 [ 1 4 4 0.000638962 0 ] [ 2 16 6 0.000393152 0 ] [ 3 40 7 4.91142e-05 0 ] [ 4 30 4 3.69549e-05 0 ] [ 5 12 1 1.80006e-05 0 ] [ 6 2 0 4.05312e-06 0 ] [ SUM 104 22 0.00114024 ] 0.00501311
VTREEMINER INCR ../../db/my4.asc 0 1 1 [ 1 4 4 0.000643969 0 ] [ 2 16 6 0.000393152 0 ] [ 3 40 10 5.61476e-05 0 ] [ 4 48 10 6.07967e-05 0 ] [ 5 34 5 4.60148e-05 0 ] [ 6 14 1 2.00272e-05 0 ] [ 7 2 0 7.98702e-06 0 ] [ SUM 158 36 0.00122809 ] 0.016197
VTREEMINER INCR ../../db/my5.asc 0 3 1 [ 1 9 8 0.00088501 0 ] [ 2 64 18 0.00112617 0 ] [ 3 192 40 0.000216365 0 ] [ 4 256 50 0.000304461 0 ] [ 5 258 41 0.000287175 0 ] [ 6 170 22 0.000198603 0 ] [ 7 72 7 9.29832e-05 0 ] [ 8 18 1 2.80142e-05 0 ] [ 9 2 0 7.03335e-06 0 ] [ SUM 1041 187 0.00314581 ] 0.038919
VTREEMINER INCR ../../db/my6.asc 0 1 1 [ 1 4 4 0.000640035 0 ] [ 2 16 5 0.000337005 0 ] [ 3 26 6 4.70877e-05 0 ] [ 4 28 4 3.5882e-05 0 ] [ 5 12 1 1.70469e-05 0 ] [ 6 2 0 3.93391e-06 0 ] [ SUM 88 20 0.00108099 ] 0.00483298
VTREEMINER INCR ../../db/my7.asc 0 1 1 [ 1 3 3 0.000604033 0 ] [ 2 9 4 0.000304937 0 ] [ 3 16 8 7.90358e-05 0 ] [ 4 28 12 9.88245e-05 0 ] [ 5 35 12 9.52482e-05 0 ] [ 6 29 6 5.57899e-05 0 ] [ 7 13 1 2.09808e-05 0 ] [ 8 2 0 3.93391e-06 0 ] [ SUM 135 46 0.00126278 ] 0.0139661
VTREEMINER INCR ../../db/my8.asc 0 1 1 [ 1 6 5 0.000268936 0 ] [ 2 25 14 0.000262976 0 ] [ 3 104 51 0.00034523 0 ] [ 4 355 158 0.00105798 0 ] [ 5 864 370 0.0022862 0 ] [ 6 1651 625 0.003649 0 ] [ 7 2483 773 0.00456405 0 ] [ 8 2850 700 0.00445342 0 ] [ 9 2410 458 0.00327206 0 ] [ 10 1464 211 0.00184977 0 ] [ 11 619 65 0.000818968 0 ] [ 12 172 12 0.000217438 0 ] [ 13 28 1 3.80278e-05 0 ] [ 14 2 0 4.05312e-06 0 ] [ SUM 13033 3443 0.0230881 ] 1.0549
VTREEMINER INCR FULLPATH ../../db/my8.asc 0 1 1 [ 1 6 5 0.000714064 0 ] [ 2 25 14 0.000894785 0 ] [ 3 104 51 0.000370502 0 ] [ 4 355 158 0.00120449 0 ] [ 5 864 370 0.00268257 0 ] [ 6 1651 625 0.00442779 0 ] [ 7 2483 773 0.00559223 0 ] [ 8 2850 700 0.00555205 0 ] [ 9 2410 458 0.00403011 0 ] [ 10 1464 211 0.0022186 0 ] [ 11 619 65 0.00089252 0 ] [ 12 172 12 0.000243306 0 ] [ 13 28 1 3.69549e-05 0 ] [ 14 2 0 4.05312e-06 0 ] [ SUM 13033 3443 0.028864 ] 1.61733
VTREEMINER INCR ../../db/my8.asc 0 1 1 [ 1 6 5 0.000245094 0 ] [ 2 25 14 0.000259995 0 ] [ 3 104 51 0.000344992 0 ] [ 4 355 158 0.00108445 0 ] [ 5 864 370 0.00252926 0 ] [ 6 1651 625 0.00365806 0 ] [ 7 2483 773 0.00454473 0 ] [ 8 2850 700 0.00435591 0 ] [ 9 2410 458 0.00327325 0 ] [ 10 1464 211 0.00384021 0 ] [ 11 619 65 0.000756741 0 ] [ 12 172 12 0.000212073 0 ] [ 13 28 1 3.70741e-05 0 ] [ 14 2 0 7.03335e-06 0 ] [ SUM 13033 3443 0.0251489 ] 1.08509
VTREEMINER INCR ../../db/my8.asc 0 1 1 [ 1 6 5 0.000279069 0 ] [ 2 25 14 0.000291944 0 ] [ 3 104 51 0.000344157 0 ] [ 4 355 158 0.00104988 0 ] [ 5 864 370 0.00227249 0 ] [ 6 1651 625 0.00364316 0 ] [ 7 2483 773 0.00449347 0 ] [ 8 2850 700 0.00430918 0 ] [ 9 2410 458 0.00320208 0 ] [ 10 1464 211 0.00181472 0 ] [ 11 619 65 0.000746608 0 ] [ 12 172 12 0.000212312 0 ] [ 13 28 1 3.17097e-05 0 ] [ 14 2 0 4.05312e-06 0 ] [ SUM 13033 3443 0.0226948 ] 0.219311
VTREEMINER INCR ../../db/my8.asc 0 1 1 [ 1 6 5 0.000749111 0 ] [ 2 25 14 0.000889897 0 ] [ 3 104 51 0.000352144 0 ] [ 4 355 158 0.00108528 0 ] [ 5 864 370 0.00231361 0 ] [ 6 1651 625 0.00370383 0 ] [ 7 2483 773 0.00457668 0 ] [ 8 2850 700 0.00436974 0 ] [ 9 2410 458 0.00330818 0 ] [ 10 1464 211 0.00186896 0 ] [ 11 619 65 0.000773549 0 ] [ 12 172 12 0.000220656 0 ] [ 13 28 1 3.21865e-05 0 ] [ 14 2 0 3.93391e-06 0 ] [ SUM 13033 3443 0.0242478 ] 1.1511
VTREEMINER INCR ../../db/my7.asc 0 1 1 [ 1 3 3 0.000602007 0 ] [ 2 9 4 0.000307918 0 ] [ 3 16 8 7.99894e-05 0 ] [ 4 28 12 0.000100136 0 ] [ 5 35 12 9.29832e-05 0 ] [ 6 29 6 5.80549e-05 0 ] [ 7 13 1 2.08616e-05 0 ] [ 8 2 0 5.00679e-06 0 ] [ SUM 135 46 0.00126696 ] 0.01446
VTREEMINER INCR ../../db/my1.asc 0 3 1 [ 1 6 5 0.000739098 0 ] [ 2 25 15 0.000967741 0 ] [ 3 122 34 0.000200152 0 ] [ 4 242 48 0.000297904 0 ] [ 5 254 41 0.000282526 0 ] [ 6 170 22 0.000200629 0 ] [ 7 72 7 9.2864e-05 0 ] [ 8 18 1 2.69413e-05 0 ] [ 9 2 0 6.07967e-06 0 ] [ SUM 911 173 0.00281394 ] 0.0240581
VTREEMINER INCR ../../db/my1.asc 0 3 2 [ 1 6 4 0.000694036 0 ] [ 2 16 4 0.000362039 0 ] [ 3 20 3 7.4029e-05 0 ] [ 4 10 1 2.89679e-05 0 ] [ 5 2 0 5.96046e-06 0 ] [ SUM 54 12 0.00116503 ] 0.002882
VTREEMINER INCR ../../db/my2.asc 0 1 2 [ 1 3 0 0.000453949 0 ] [ 2 0 0 3.60012e-05 0 ] [ SUM 3 0 0.00048995 ] 0.000741959
VTREEMINER INCR ../../db/my2.asc 0 1 1 [ 1 3 3 0.000594974 0 ] [ 2 9 4 0.000283957 0 ] [ 3 16 5 4.49419e-05 0 ] [ 4 16 4 3.00407e-05 0 ] [ 5 9 1 1.49012e-05 0 ] [ 6 2 0 3.93391e-06 0 ] [ SUM 55 17 0.000972748 ] 0.00287509
VTREEMINER INCR ../../db/my3.asc 0 1 1 [ 1 4 4 0.000642061 0 ] [ 2 16 6 0.000384927 0 ] [ 3 40 7 4.92334e-05 0 ] [ 4 30 4 3.89814e-05 0 ] [ 5 12 1 1.70469e-05 0 ] [ 6 2 0 2.98023e-06 0 ] [ SUM 104 22 0.00113523 ] 0.00522792
VTREEMINER INCR ../../db/my8.asc 0 1 1 [ 1 6 5 0.000715971 0 ] [ 2 25 14 0.000884056 0 ] [ 3 104 51 0.000346303 0 ] [ 4 355 158 0.00107038 0 ] [ 5 864 370 0.0022974 0 ] [ 6 1651 625 0.00372338 0 ] [ 7 2483 773 0.0045296 0 ] [ 8 2850 700 0.00439322 0 ] [ 9 2410 458 0.00330341 0 ] [ 10 1464 211 0.00183356 0 ] [ 11 619 65 0.000755787 0 ] [ 12 172 12 0.000213504 0 ] [ 13 28 1 3.79086e-05 0 ] [ 14 2 0 3.93391e-06 0 ] [ SUM 13033 3443 0.0241084 ] 1.09415
VTREEMINER INCR ../../db/my3.asc 0 1 1 [ 1 4 4 0.000626922 0 ] [ 2 16 6 0.000388026 0 ] [ 3 40 7 4.80413e-05 0 ] [ 4 30 4 3.38554e-05 0 ] [ 5 12 1 1.60933e-05 0 ] [ 6 2 0 4.05312e-06 0 ] [ SUM 104 22 0.00111699 ] 0.00530803
VTREEMINER INCR ../../db/my2.asc 0 1 1 [ 1 3 3 0.000594974 0 ] [ 2 9 4 0.000278115 0 ] [ 3 16 5 4.39882e-05 0 ] [ 4 16 4 3.00407e-05 0 ] [ 5 9 1 1.70469e-05 0 ] [ 6 2 0 3.93391e-06 0 ] [ SUM 55 17 0.000968099 ] 0.00286198
VTREEMINER INCR ../../db/my1.asc 0 3 2 [ 1 6 4 0.000696063 0 ] [ 2 16 4 0.000362873 0 ] [ 3 20 3 7.59363e-05 0 ] [ 4 10 1 2.99215e-05 0 ] [ 5 2 0 6.91414e-06 0 ] [ SUM 54 12 0.00117171 ] 0.00288999
VTREEMINER INCR ../../db/my1.asc 0 3 1 [ 1 6 5 0.000733972 0 ] [ 2 25 15 0.000966072 0 ] [ 3 122 34 0.000199914 0 ] [ 4 242 48 0.000298858 0 ] [ 5 254 41 0.000282407 0 ] [ 6 170 22 0.000215769 0 ] [ 7 72 7 9.4533e-05 0 ] [ 8 18 1 2.61068e-05 0 ] [ 9 2 0 6.91414e-06 0 ] [ SUM 911 173 0.00282454 ] 0.0244681
VTREEMINER INCR ../../db/my4.asc 0 1 1 [ 1 4 4 0.000653982 0 ] [ 2 16 6 0.000401139 0 ] [ 3 40 10 5.60284e-05 0 ] [ 4 48 10 6.52075e-05 0 ] [ 5 34 5 4.58956e-05 0 ] [ 6 14 1 2.12193e-05 0 ] [ 7 2 0 7.98702e-06 0 ] [ SUM 158 36 0.00125146 ] 0.00691211
VTREEMINER INCR ../../db/my5.asc 0 3 1 [ 1 9 8 0.000941038 0 ] [ 2 64 18 0.001127 0 ] [ 3 192 40 0.000214815 0 ] [ 4 256 50 0.000298023 0 ] [ 5 258 41 0.000287294 0 ] [ 6 170 22 0.00019598 0 ] [ 7 72 7 9.09567e-05 0 ] [ 8 18 1 2.32458e-05 0 ] [ 9 2 0 6.91414e-06 0 ] [ SUM 1041 187 0.00318527 ] 0.02435
VTREEMINER INCR ../../db/my6.asc 0 1 1 [ 1 4 4 0.00022006 0 ] [ 2 16 5 9.98974e-05 0 ] [ 3 26 6 4.39882e-05 0 ] [ 4 28 4 3.19481e-05 0 ] [ 5 12 1 1.60933e-05 0 ] [ 6 2 0 3.93391e-06 0 ] [ SUM 88 20 0.000415921 ] 0.000954032
VTREEMINER INCR ../../db/my7.asc 0 1 1 [ 1 3 3 0.000602007 0 ] [ 2 9 4 0.000304937 0 ] [ 3 16 8 7.90358e-05 0 ] [ 4 28 12 0.000100136 0 ] [ 5 35 12 9.58443e-05 0 ] [ 6 29 6 5.68628e-05 0 ] [ 7 13 1 2.11e-05 0 ] [ 8 2 0 4.05312e-06 0 ] [ SUM 135 46 0.00126398 ] 0.015581
VTREEMINER INCR ../../db/my8.asc 0 1 1 [ 1 6 5 0.000715017 0 ] [ 2 25 14 0.000884056 0 ] [ 3 104 51 0.000349045 0 ] [ 4 355 158 0.00107121 0 ] [ 5 864 370 0.00230062 0 ] [ 6 1651 625 0.00369561 0 ] [ 7 2483 773 0.00451744 0 ] [ 8 2850 700 0.00447285 0 ] [ 9 2410 458 0.00326312 0 ] [ 10 1464 211 0.0018456 0 ] [ 11 619 65 0.000812173 0 ] [ 12 172 12 0.00021255 0 ] [ 13 28 1 3.69549e-05 0 ] [ 14 2 0 3.93391e-06 0 ] [ SUM 13033 3443 0.0241802 ] 1.12391
VTREEMINER INCR ../../db/my8.asc 0 1 2 [ 1 6 0 0.00047791 0 ] [ 2 0 0 5.99623e-05 0 ] [ SUM 6 0 0.000537872 ] 0.000795007
VTREEMINER INCR ../../db/my8.asc 0 1 1 [ 1 6 5 0.000277996 0 ] [ 2 25 14 0.000294089 0 ] [ 3 104 51 0.000343323 0 ] [ 4 355 158 0.0288618 0 ] [ 5 864 370 0.00226331 0 ] [ 6 1651 625 0.00387931 0 ] [ 7 2483 773 0.0044831 0 ] [ 8 2850 700 0.00438547 0 ] [ 9 2410 458 0.00323081 0 ] [ 10 1464 211 0.00183809 0 ] [ 11 619 65 0.000751019 0 ] [ 12 172 12 0.000250936 0 ] [ 13 28 1 3.43323e-05 0 ] [ 14 2 0 3.93391e-06 0 ] [ SUM 13033 3443 0.0508975 ] 0.157285
VTREEMINER INCR ../../db/my8.asc 0 1 1 [ 1 6 5 0.00027895 0 ] [ 2 25 14 0.000292182 0 ] [ 3 104 51 0.00034523 0 ] [ 4 355 158 0.00104845 0 ] [ 5 864 370 0.0022651 0 ] [ 6 1651 625 0.00364876 0 ] [ 7 2483 773 0.00447154 0 ] [ 8 2850 700 0.00432193 0 ] [ 9 2410 458 0.00320315 0 ] [ 10 1464 211 0.00181448 0 ] [ 11 619 65 0.000745296 0 ] [ 12 172 12 0.00021255 0 ] [ 13 28 1 3.70741e-05 0 ] [ 14 2 0 4.05312e-06 0 ] [ SUM 13033 3443 0.0226887 ] 0.222089
VTREEMINER INCR FULLPATH ../../db/my8.asc 0 1 1 [ 1 6 5 0.000283003 0 ] [ 2 25 14 0.000303864 0 ] [ 3 104 51 0.000364184 0 ] [ 4 355 158 0.00118148 0 ] [ 5 864 370 0.00262451 0 ] [ 6 1651 625 0.00436294 0 ] [ 7 2483 773 0.0055654 0 ] [ 8 2850 700 0.00543153 0 ] [ 9 2410 458 0.00400627 0 ] [ 10 1464 211 0.00217915 0 ] [ 11 619 65 0.000886083 0 ] [ 12 172 12 0.000230432 0 ] [ 13 28 1 3.92199e-05 0 ] [ 14 2 0 3.93391e-06 0 ] [ SUM 13033 3443 0.027462 ] 0.274508
VTREEMINER INCR ../../db/my1.asc 0 3 1 [ 1 6 5 0.000751972 0 ] [ 2 25 15 0.00100017 0 ] [ 3 122 34 0.000196934 0 ] [ 4 242 48 0.000298142 0 ] [ 5 254 41 0.000288129 0 ] [ 6 170 22 0.000202537 0 ] [ 7 72 7 9.89437e-05 0 ] [ 8 18 1 2.38419e-05 0 ] [ 9 2 0 5.96046e-06 0 ] [ SUM 911 173 0.00286663 ] 0.020449
VTREEMINER INCR ../../db/my2.asc 0 1 1 [ 1 3 3 0.000601053 0 ] [ 2 9 4 0.000281811 0 ] [ 3 16 5 4.37498e-05 0 ] [ 4 16 4 2.89679e-05 0 ] [ 5 9 1 1.5974e-05 0 ] [ 6 2 0 2.98023e-06 0 ] [ SUM 55 17 0.000974536 ] 0.002159
VTREEMINER INCR ../../db/my2.asc 0 1 1 [ 1 3 3 0.000573039 0 ] [ 2 9 4 0.000282049 0 ] [ 3 16 5 4.50611e-05 0 ] [ 4 16 4 3.00407e-05 0 ] [ 5 9 1 1.5974e-05 0 ] [ 6 2 0 4.05312e-06 0 ] [ SUM 55 17 0.000950217 ] 0.00212598
VTREEMINER INCR ../../db/my2.asc 0 1 1 [ 1 3 3 0.000215054 0 ] [ 2 9 4 9.20296e-05 0 ] [ 3 16 5 4.3869e-05 0 ] [ 4 16 4 2.88486e-05 0 ] [ 5 9 1 1.50204e-05 0 ] [ 6 2 0 3.09944e-06 0 ] [ SUM 55 17 0.000397921 ] 0.000793934
VTREEMINER INCR ../../db/cslogs.ascii 0.1 59691 5969 [ 1 13361 2 3.35488 0 ] [ 2 4 0 3.24405 0 ] [ SUM 13365 2 6.59893 ] 6.61674
VTREEMINER INCR ../../db/my8.asc 0 1 1 [ 1 6 5 0.000738978 0 ] [ 2 25 14 0.000873923 0 ] [ 3 104 51 0.000352144 0 ] [ 4 355 158 0.00107896 0 ] [ 5 864 370 0.00234079 0 ] [ 6 1651 625 0.00370049 0 ] [ 7 2483 773 0.00453317 0 ] [ 8 2850 700 0.00439215 0 ] [ 9 2410 458 0.0032922 0 ] [ 10 1464 211 0.00188935 0 ] [ 11 619 65 0.0007689 0 ] [ 12 172 12 0.00021112 0 ] [ 13 28 1 3.77893e-05 0 ] [ 14 2 0 4.05312e-06 0 ] [ SUM 13033 3443 0.024214 ] 0.775838
VTREEMINER INCR ../../db/my1.asc 0 3 1 [ 1 6 5 0.000755072 0 ] [ 2 25 15 0.000983953 0 ] [ 3 122 34 0.000201702 0 ] [ 4 242 48 0.00030303 0 ] [ 5 254 41 0.000306487 0 ] [ 6 170 22 0.000212312 0 ] [ 7 72 7 9.27448e-05 0 ] [ 8 18 1 2.58684e-05 0 ] [ 9 2 0 5.96046e-06 0 ] [ SUM 911 173 0.00288713 ] 0.0212901
VTREEMINER INCR ../../db/my2.asc 0 1 1 [ 1 3 3 0.000602007 0 ] [ 2 9 4 0.000286937 0 ] [ 3 16 5 4.57764e-05 0 ] [ 4 16 4 2.89679e-05 0 ] [ 5 9 1 1.70469e-05 0 ] [ 6 2 0 4.05312e-06 0 ] [ SUM 55 17 0.000984788 ] 0.00216794
VTREEMINER INCR ../../db/my3.asc 0 1 1 [ 1 4 4 0.000684977 0 ] [ 2 16 6 0.000386 0 ] [ 3 40 7 4.79221e-05 0 ] [ 4 30 4 3.79086e-05 0 ] [ 5 12 1 1.5974e-05 0 ] [ 6 2 0 2.98023e-06 0 ] [ SUM 104 22 0.00117576 ] 0.025175
VTREEMINER INCR ../../db/my4.asc 0 1 1 [ 1 4 4 0.000952005 0 ] [ 2 16 6 0.000414014 0 ] [ 3 40 10 5.72205e-05 0 ] [ 4 48 10 6.02007e-05 0 ] [ 5 34 5 4.99487e-05 0 ] [ 6 14 1 1.91927e-05 0 ] [ 7 2 0 4.05312e-06 0 ] [ SUM 158 36 0.00155663 ] 0.00551689
VTREEMINER INCR ../../db/my1.asc 0 3 1 [ 1 6 5 0.000739098 0 ] [ 2 25 15 0.00099504 0 ] [ 3 122 34 0.000201941 0 ] [ 4 242 48 0.000309587 0 ] [ 5 254 41 0.000303864 0 ] [ 6 170 22 0.000213742 0 ] [ 7 72 7 9.58443e-05 0 ] [ 8 18 1 2.89679e-05 0 ] [ 9 2 0 5.96046e-06 0 ] [ SUM 911 173 0.00289404 ] 0.0304979
VTREEMINER INCR ../../db/my5.asc 0 3 1 [ 1 9 8 0.000884056 0 ] [ 2 64 18 0.00111687 0 ] [ 3 192 40 0.000218987 0 ] [ 4 256 50 0.000285029 0 ] [ 5 258 41 0.00030148 0 ] [ 6 170 22 0.000200868 0 ] [ 7 72 7 9.31025e-05 0 ] [ 8 18 1 2.38419e-05 0 ] [ 9 2 0 7.03335e-06 0 ] [ SUM 1041 187 0.00313127 ] 0.017218
VTREEMINER INCR ../../db/my6.asc 0 1 1 [ 1 4 4 0.000661016 0 ] [ 2 16 5 0.000334978 0 ] [ 3 26 6 4.60148e-05 0 ] [ 4 28 4 3.70741e-05 0 ] [ 5 12 1 1.78814e-05 0 ] [ 6 2 0 2.98023e-06 0 ] [ SUM 88 20 0.00109994 ] 0.00234294
VTREEMINER INCR ../../db/my7.asc 0 1 1 [ 1 3 3 0.000600934 0 ] [ 2 9 4 0.000304937 0 ] [ 3 16 8 8.10623e-05 0 ] [ 4 28 12 0.000105143 0 ] [ 5 35 12 8.91685e-05 0 ] [ 6 29 6 5.19753e-05 0 ] [ 7 13 1 2.08616e-05 0 ] [ 8 2 0 2.98023e-06 0 ] [ SUM 135 46 0.00125706 ] 0.00666201
VTREEMINER INCR ../../db/my6.asc 0 1 1 [ 1 4 4 0.000645995 0 ] [ 2 16 5 0.000334859 0 ] [ 3 26 6 4.60148e-05 0 ] [ 4 28 4 3.60012e-05 0 ] [ 5 12 1 1.71661e-05 0 ] [ 6 2 0 2.98023e-06 0 ] [ SUM 88 20 0.00108302 ] 0.00232494
VTREEMINER INCR ../../db/my7.asc 0 1 1 [ 1 3 3 0.000609994 0 ] [ 2 9 4 0.000307083 0 ] [ 3 16 8 8.01086e-05 0 ] [ 4 28 12 9.89437e-05 0 ] [ 5 35 12 8.57115e-05 0 ] [ 6 29 6 5.20945e-05 0 ] [ 7 13 1 2.19345e-05 0 ] [ 8 2 0 2.98023e-06 0 ] [ SUM 135 46 0.00125885 ] 0.00391209
VTREEMINER INCR ../../db/my1.asc 0 3 1 [ 1 6 5 0.000746965 0 ] [ 2 25 15 0.000977993 0 ] [ 3 122 34 0.000202656 0 ] [ 4 242 48 0.00030601 0 ] [ 5 254 41 0.000302792 0 ] [ 6 170 22 0.000208974 0 ] [ 7 72 7 9.19104e-05 0 ] [ 8 18 1 2.59876e-05 0 ] [ 9 2 0 5.96046e-06 0 ] [ SUM 911 173 0.00286925 ] 0.020992
VTREEMINER INCR ../../db/my2.asc 0 1 1 [ 1 3 3 0.00059998 0 ] [ 2 9 4 0.000280857 0 ] [ 3 16 5 4.39882e-05 0 ] [ 4 16 4 2.88486e-05 0 ] [ 5 9 1 1.60933e-05 0 ] [ 6 2 0 2.98023e-06 0 ] [ SUM 55 17 0.000972748 ] 0.00219798
VTREEMINER INCR ../../db/my3.asc 0 1 1 [ 1 4 4 0.000638008 0 ] [ 2 16 6 0.000389099 0 ] [ 3 40 7 4.88758e-05 0 ] [ 4 30 4 3.70741e-05 0 ] [ 5 12 1 1.5974e-05 0 ] [ 6 2 0 2.98023e-06 0 ] [ SUM 104 22 0.00113201 ] 0.00242198
VTREEMINER INCR ../../db/my4.asc 0 1 1 [ 1 4 4 0.000645995 0 ] [ 2 16 6 0.000397921 0 ] [ 3 40 10 5.59092e-05 0 ] [ 4 48 10 6.29425e-05 0 ] [ 5 34 5 5.38826e-05 0 ] [ 6 14 1 2.09808e-05 0 ] [ 7 2 0 2.98023e-06 0 ] [ SUM 158 36 0.00124061 ] 0.00521302
VTREEMINER INCR ../../db/my5.asc 0 3 1 [ 1 9 8 0.00089097 0 ] [ 2 64 18 0.00111413 0 ] [ 3 192 40 0.000219107 0 ] [ 4 256 50 0.000299931 0 ] [ 5 258 41 0.000343084 0 ] [ 6 170 22 0.000209808 0 ] [ 7 72 7 9.60827e-05 0 ] [ 8 18 1 2.70605e-05 0 ] [ 9 2 0 7.03335e-06 0 ] [ SUM 1041 187 0.00320721 ] 0.0215199
VTREEMINER INCR ../../db/my6.asc 0 1 1 [ 1 4 4 0.000645995 0 ] [ 2 16 5 0.000334024 0 ] [ 3 26 6 4.57764e-05 0 ] [ 4 28 4 3.60012e-05 0 ] [ 5 12 1 1.88351e-05 0 ] [ 6 2 0 3.09944e-06 0 ] [ SUM 88 20 0.00108373 ] 0.00232303
VTREEMINER INCR ../../db/my7.asc 0 1 1 [ 1 3 3 0.000607014 0 ] [ 2 9 4 0.00030601 0 ] [ 3 16 8 8.01086e-05 0 ] [ 4 28 12 0.000104904 0 ] [ 5 35 12 8.97646e-05 0 ] [ 6 29 6 5.28097e-05 0 ] [ 7 13 1 2.01464e-05 0 ] [ 8 2 0 2.98023e-06 0 ] [ SUM 135 46 0.00126374 ] 0.00667
VTREEMINER INCR ../../db/my8.asc 0 1 1 [ 1 6 5 0.000717044 0 ] [ 2 25 14 0.000883937 0 ] [ 3 104 51 0.000353098 0 ] [ 4 355 158 0.00107777 0 ] [ 5 864 370 0.00233114 0 ] [ 6 1651 625 0.00365424 0 ] [ 7 2483 773 0.00453019 0 ] [ 8 2850 700 0.00435102 0 ] [ 9 2410 458 0.00322282 0 ] [ 10 1464 211 0.00185716 0 ] [ 11 619 65 0.000740767 0 ] [ 12 172 12 0.000216603 0 ] [ 13 28 1 3.39746e-05 0 ] [ 14 2 0 5.00679e-06 0 ] [ SUM 13033 3443 0.0239748 ] 0.681748
VTREEMINER INCR ../../db/my1.asc 0 3 1 [ 1 6 5 0.000727057 0 ] [ 2 25 15 0.000979066 0 ] [ 3 122 34 0.000200152 0 ] [ 4 242 48 0.000305772 0 ] [ 5 254 41 0.000306249 0 ] [ 6 170 22 0.000212431 0 ] [ 7 72 7 9.39369e-05 0 ] [ 8 18 1 2.6226e-05 0 ] [ 9 2 0 7.03335e-06 0 ] [ SUM 911 173 0.00285792 ] 0.0212891
VTREEMINER INCR ../../db/my1.asc 0 3 1 [ 1 6 5 0.000304937 0 ] [ 2 25 15 0.00174594 0 ] [ 3 122 34 0.000201225 0 ] [ 4 242 48 0.000288963 0 ] [ 5 254 41 0.00028801 0 ] [ 6 170 22 0.000195622 0 ] [ 7 72 7 9.0003e-05 0 ] [ 8 18 1 2.32458e-05 0 ] [ 9 2 0 4.05312e-06 0 ] [ SUM 911 173 0.003142 ] 0.00684094
VTREEMINER INCR ../../db/my1.asc 0 3 1 [ 1 6 5 0.000309944 0 ] [ 2 25 15 0.000338197 0 ] [ 3 122 34 0.000197887 0 ] [ 4 242 48 0.000296116 0 ] [ 5 254 41 0.000283599 0 ] [ 6 170 22 0.00019443 0 ] [ 7 72 7 8.58307e-05 0 ] [ 8 18 1 2.20537e-05 0 ] [ 9 2 0 5.00679e-06 0 ] [ SUM 911 173 0.00173306 ] 0.00542998
VTREEMINER INCR ../../db/my2.asc 0 1 1 [ 1 3 3 0.000612974 0 ] [ 2 9 4 0.00028801 0 ] [ 3 16 5 4.58956e-05 0 ] [ 4 16 4 3.19481e-05 0 ] [ 5 9 1 1.69277e-05 0 ] [ 6 2 0 3.09944e-06 0 ] [ SUM 55 17 0.000998855 ] 0.00219095
VTREEMINER INCR ../../db/my3.asc 0 1 1 [ 1 4 4 0.000659943 0 ] [ 2 16 6 0.000396967 0 ] [ 3 40 7 5.03063e-05 0 ] [ 4 30 4 3.88622e-05 0 ] [ 5 12 1 1.80006e-05 0 ] [ 6 2 0 4.05312e-06 0 ] [ SUM 104 22 0.00116813 ] 0.00248301
VTREEMINER INCR ../../db/my4.asc 0 1 1 [ 1 4 4 0.000671983 0 ] [ 2 16 6 0.000405073 0 ] [ 3 40 10 5.60284e-05 0 ] [ 4 48 10 6.49691e-05 0 ] [ 5 34 5 4.82798e-05 0 ] [ 6 14 1 1.90735e-05 0 ] [ 7 2 0 2.98023e-06 0 ] [ SUM 158 36 0.00126839 ] 0.00551295
VTREEMINER INCR ../../db/my5.asc 0 3 1 [ 1 9 8 0.000298023 0 ] [ 2 64 18 0.000316024 0 ] [ 3 192 40 0.000213027 0 ] [ 4 256 50 0.000272989 0 ] [ 5 258 41 0.0002774 0 ] [ 6 170 22 0.000182033 0 ] [ 7 72 7 8.07047e-05 0 ] [ 8 18 1 2.20537e-05 0 ] [ 9 2 0 4.05312e-06 0 ] [ SUM 1041 187 0.00166631 ] 0.00510705
VTREEMINER INCR ../../db/my1.asc 0 3 1 [ 1 6 5 0.000759006 0 ] [ 2 25 15 0.000990033 0 ] [ 3 122 34 0.000199795 0 ] [ 4 242 48 0.000322342 0 ] [ 5 254 41 0.000376344 0 ] [ 6 170 22 0.000204086 0 ] [ 7 72 7 0.000109076 0 ] [ 8 18 1 2.90871e-05 0 ] [ 9 2 0 7.98702e-06 0 ] [ SUM 911 173 0.00299776 ] 0.025526
VTREEMINER INCR ../../db/my1.asc 0 3 1 [ 1 6 5 0.000310063 0 ] [ 2 25 15 0.000339866 0 ] [ 3 122 34 0.000196099 0 ] [ 4 242 48 0.000290513 0 ] [ 5 254 41 0.000285745 0 ] [ 6 170 22 0.000196099 0 ] [ 7 72 7 9.09567e-05 0 ] [ 8 18 1 2.39611e-05 0 ] [ 9 2 0 5.00679e-06 0 ] [ SUM 911 173 0.00173831 ] 0.00543499
VTREEMINER INCR ../../db/my1.asc 0 3 1 [ 1 6 5 0.000759006 0 ] [ 2 25 15 0.000991106 0 ] [ 3 122 34 0.000199199 0 ] [ 4 242 48 0.000307202 0 ] [ 5 254 41 0.000305772 0 ] [ 6 170 22 0.000212669 0 ] [ 7 72 7 9.81092e-05 0 ] [ 8 18 1 2.51532e-05 0 ] [ 9 2 0 6.91414e-06 0 ] [ SUM 911 173 0.00290513 ] 0.030741
VTREEMINER INCR ../../db/my1.asc 0 3 2 [ 1 6 4 0.000717998 0 ] [ 2 16 4 0.00037396 0 ] [ 3 20 3 7.39098e-05 0 ] [ 4 10 1 2.99215e-05 0 ] [ 5 2 0 6.07967e-06 0 ] [ SUM 54 12 0.00120187 ] 0.00193202
VTREEMINER INCR ../../db/my2.asc 0 1 1 [ 1 3 3 0.000216007 0 ] [ 2 9 4 9.29832e-05 0 ] [ 3 16 5 4.19617e-05 0 ] [ 4 16 4 2.7895e-05 0 ] [ 5 9 1 1.21593e-05 0 ] [ 6 2 0 2.98023e-06 0 ] [ SUM 55 17 0.000393987 ] 0.000795007
VTREEMINER INCR ../../db/my3.asc 0 1 1 [ 1 4 4 0.000677943 0 ] [ 2 16 6 0.000397801 0 ] [ 3 40 7 4.8995e-05 0 ] [ 4 30 4 3.91006e-05 0 ] [ 5 12 1 1.81198e-05 0 ] [ 6 2 0 4.05312e-06 0 ] [ SUM 104 22 0.00118601 ] 0.00249696
VTREEMINER INCR ../../db/my4.asc 0 1 1 [ 1 4 4 0.000647902 0 ] [ 2 16 6 0.000399947 0 ] [ 3 40 10 5.48363e-05 0 ] [ 4 48 10 6.53267e-05 0 ] [ 5 34 5 4.57764e-05 0 ] [ 6 14 1 1.9908e-05 0 ] [ 7 2 0 3.09944e-06 0 ] [ SUM 158 36 0.0012368 ] 0.00546205
VTREEMINER INCR ../../db/my5.asc 0 3 1 [ 1 9 8 0.000899076 0 ] [ 2 64 18 0.00114393 0 ] [ 3 192 40 0.0002141 0 ] [ 4 256 50 0.00027597 0 ] [ 5 258 41 0.000277758 0 ] [ 6 170 22 0.000183105 0 ] [ 7 72 7 8.39233e-05 0 ] [ 8 18 1 2.31266e-05 0 ] [ 9 2 0 5.00679e-06 0 ] [ SUM 1041 187 0.003106 ] 0.00896108
VTREEMINER INCR ../../db/my6.asc 0 1 1 [ 1 4 4 0.000653028 0 ] [ 2 16 5 0.000338078 0 ] [ 3 26 6 4.70877e-05 0 ] [ 4 28 4 3.50475e-05 0 ] [ 5 12 1 1.68085e-05 0 ] [ 6 2 0 4.05312e-06 0 ] [ SUM 88 20 0.0010941 ] 0.00237
VTREEMINER INCR ../../db/my7.asc 0 1 1 [ 1 3 3 0.000597 0 ] [ 2 9 4 0.000306964 0 ] [ 3 16 8 8.18968e-05 0 ] [ 4 28 12 0.000100851 0 ] [ 5 35 12 9.31025e-05 0 ] [ 6 29 6 5.4121e-05 0 ] [ 7 13 1 2.08616e-05 0 ] [ 8 2 0 3.93391e-06 0 ] [ SUM 135 46 0.00125873 ] 0.006989
VTREEMINER INCR ../../db/my8.asc 0 1 1 [ 1 6 5 0.000764012 0 ] [ 2 25 14 0.000899911 0 ] [ 3 104 51 0.000356078 0 ] [ 4 355 158 0.00109076 0 ] [ 5 864 370 0.00232303 0 ] [ 6 1651 625 0.00365186 0 ] [ 7 2483 773 0.00450599 0 ] [ 8 2850 700 0.00437868 0 ] [ 9 2410 458 0.00325704 0 ] [ 10 1464 211 0.0018698 0 ] [ 11 619 65 0.000753164 0 ] [ 12 172 12 0.000215769 0 ] [ 13 28 1 3.80278e-05 0 ] [ 14 2 0 4.05312e-06 0 ] [ SUM 13033 3443 0.0241082 ] 0.755369
VTREEMINER INCR ../../db/my8.asc 0 1 1 [ 1 6 5 0.000282049 0 ] [ 2 25 14 0.000375032 0 ] [ 3 104 51 0.000351191 0 ] [ 4 355 158 0.00107908 0 ] [ 5 864 370 0.00233126 0 ] [ 6 1651 625 0.00371957 0 ] [ 7 2483 773 0.00463581 0 ] [ 8 2850 700 0.00453818 0 ] [ 9 2410 458 0.00347018 0 ] [ 10 1464 211 0.00195932 0 ] [ 11 619 65 0.000805736 0 ] [ 12 172 12 0.000210881 0 ] [ 13 28 1 3.67165e-05 0 ] [ 14 2 0 4.05312e-06 0 ] [ SUM 13033 3443 0.0237991 ] 0.14728
VTREEMINER INCR ../../db/my8.asc 0 1 1 [ 1 6 5 0.000735044 0 ] [ 2 25 14 0.000915051 0 ] [ 3 104 51 0.000352144 0 ] [ 4 355 158 0.00108206 0 ] [ 5 864 370 0.00231469 0 ] [ 6 1651 625 0.00370824 0 ] [ 7 2483 773 0.0044831 0 ] [ 8 2850 700 0.00439823 0 ] [ 9 2410 458 0.00322843 0 ] [ 10 1464 211 0.00186992 0 ] [ 11 619 65 0.000766873 0 ] [ 12 172 12 0.000213861 0 ] [ 13 28 1 3.5882e-05 0 ] [ 14 2 0 4.05312e-06 0 ] [ SUM 13033 3443 0.0241076 ] 0.683835
VTREEMINER INCR ../../db/my1.asc 0 3 1 [ 1 6 5 0.000751019 0 ] [ 2 25 15 0.000993967 0 ] [ 3 122 34 0.000199199 0 ] [ 4 242 48 0.000340581 0 ] [ 5 254 41 0.000302315 0 ] [ 6 170 22 0.00020647 0 ] [ 7 72 7 0.000100017 0 ] [ 8 18 1 2.68221e-05 0 ] [ 9 2 0 5.96046e-06 0 ] [ SUM 911 173 0.00292635 ] 0.020589
VTREEMINER INCR ../../db/my7.asc 0 1 1 [ 1 3 3 0.000617027 0 ] [ 2 9 4 0.00030899 0 ] [ 3 16 8 8.10623e-05 0 ] [ 4 28 12 0.000105977 0 ] [ 5 35 12 9.71556e-05 0 ] [ 6 29 6 5.40018e-05 0 ] [ 7 13 1 2.09808e-05 0 ] [ 8 2 0 3.09944e-06 0 ] [ SUM 135 46 0.00128829 ] 0.00924897
VTREEMINER INCR ../../db/my6.asc 0 1 1 [ 1 4 4 0.000657916 0 ] [ 2 16 5 0.000343084 0 ] [ 3 26 6 4.69685e-05 0 ] [ 4 28 4 3.71933e-05 0 ] [ 5 12 1 1.78814e-05 0 ] [ 6 2 0 2.98023e-06 0 ] [ SUM 88 20 0.00110602 ] 0.00238597
VTREEMINER INCR ../../db/my5.asc 0 3 1 [ 1 9 8 0.000959039 0 ] [ 2 64 18 0.00117195 0 ] [ 3 192 40 0.000221729 0 ] [ 4 256 50 0.000302315 0 ] [ 5 258 41 0.00031209 0 ] [ 6 170 22 0.0116459 0 ] [ 7 72 7 0.00010097 0 ] [ 8 18 1 2.68221e-05 0 ] [ 9 2 0 7.03335e-06 0 ] [ SUM 1041 187 0.0147479 ] 0.033769
VTREEMINER INCR ../../db/my4.asc 0 1 1 [ 1 4 4 0.000648022 0 ] [ 2 16 6 0.000407934 0 ] [ 3 40 10 5.57899e-05 0 ] [ 4 48 10 6.62804e-05 0 ] [ 5 34 5 4.88758e-05 0 ] [ 6 14 1 2.01464e-05 0 ] [ 7 2 0 2.98023e-06 0 ] [ SUM 158 36 0.00125003 ] 0.00555003
VTREEMINER INCR ../../db/my3.asc 0 1 1 [ 1 4 4 0.000662088 0 ] [ 2 16 6 0.000404954 0 ] [ 3 40 7 4.8995e-05 0 ] [ 4 30 4 3.77893e-05 0 ] [ 5 12 1 1.81198e-05 0 ] [ 6 2 0 2.98023e-06 0 ] [ SUM 104 22 0.00117493 ] 0.00251305
VTREEMINER INCR ../../db/my2.asc 0 1 1 [ 1 3 3 0.000213981 0 ] [ 2 9 4 9.2864e-05 0 ] [ 3 16 5 4.01735e-05 0 ] [ 4 16 4 2.69413e-05 0 ] [ 5 9 1 1.3113e-05 0 ] [ 6 2 0 2.98023e-06 0 ] [ SUM 55 17 0.000390053 ] 0.000791907
VTREEMINER INCR ../../db/in1.asc 0.5 100 50 [ 1 106 4 0.00393605 0 ] [ 2 16 3 0.00444794 0 ] [ 3 18 3 0.000816941 0 ] [ 4 10 1 0.000384927 0 ] [ 5 2 0 6.19888e-05 0 ] [ SUM 152 11 0.00964785 ] 0.00995898
VTREEMINER INCR ../../db/in1.asc 0.25 100 25 [ 1 106 4 0.00441408 0 ] [ 2 16 3 0.00463605 0 ] [ 3 18 3 0.000824928 0 ] [ 4 10 1 0.000383019 0 ] [ 5 2 0 6.19888e-05 0 ] [ SUM 152 11 0.0103201 ] 0.011107
VTREEMINER INCR ../../db/in1.asc 0.15 100 15 [ 1 106 11 0.00472999 0 ] [ 2 121 25 0.00852895 0 ] [ 3 342 73 0.004408 0 ] [ 4 603 144 0.00660634 0 ] [ 5 865 202 0.00899756 0 ] [ 6 1020 203 0.00987065 0 ] [ 7 906 141 0.00801849 0 ] [ 8 556 64 0.00448787 0 ] [ 9 215 17 0.00161135 0 ] [ 10 46 2 0.000325203 0 ] [ 11 4 0 2.61068e-05 0 ] [ SUM 4784 882 0.0576105 ] 0.264429
VTREEMINER INCR ../../db/cslogs.ascii 0.025 59691 1492 [ 1 13361 29 3.31012 0 ] [ 2 841 19 3.46605 0 ] [ 3 166 2 0.729269 0 ] [ 4 5 0 0.038702 0 ] [ SUM 14373 50 7.54414 ] 7.54719
VTREEMINER INCR ../../db/in5d6.asc 0.99 1000 990 [ 1 302 13 0.153874 0 ] [ 2 169 42 0.189679 0 ] [ 3 660 136 0.051017 0 ] [ 4 1497 333 0.339214 0 ] [ 5 2628 573 0.397911 0 ] [ 6 3529 680 0.431376 0 ] [ 7 3327 553 0.524201 0 ] [ 8 2156 303 0.155066 0 ] [ 9 953 107 0.088392 0 ] [ 10 278 22 0.01444 0 ] [ 11 49 2 0.002156 0 ] [ 12 4 0 0.000144 0 ] [ SUM 15552 2764 2.34747 ] 3.14241
VTREEMINER INCR ../../db/in5d6.asc 0.97 1000 970 [ 1 302 13 0.153109 0 ] [ 2 169 42 0.170268 0 ] [ 3 660 144 0.049546 0 ] [ 4 1661 401 0.131854 0 ] [ 5 3598 831 0.275306 0 ] [ 6 6127 1255 0.436893 0 ] [ 7 7508 1386 0.51883 0 ] [ 8 6654 1122 0.440309 0 ] [ 9 4338 660 0.271935 0 ] [ 10 2084 275 0.12375 0 ] [ 11 726 77 0.040941 0 ] [ 12 176 13 0.008934 0 ] [ 13 27 1 0.001149 0 ] [ 14 2 0 7.2e-05 0 ] [ SUM 34032 6220 2.6229 ] 2.67477
VTREEMINER INCR ../../db/in5d6.asc 0.95 1000 950 [ 1 302 13 0.164307 0 ] [ 2 169 42 0.182782 0 ] [ 3 660 144 0.050005 0 ] [ 4 1661 401 0.132146 0 ] [ 5 3598 831 0.272269 0 ] [ 6 6127 1255 0.43542 0 ] [ 7 7508 1386 0.520047 0 ] [ 8 6654 1122 0.440427 0 ] [ 9 4338 660 0.272021 0 ] [ 10 2084 275 0.124844 0 ] [ 11 726 77 0.04106 0 ] [ 12 176 13 0.008859 0 ] [ 13 27 1 0.001143 0 ] [ 14 2 0 7e-05 0 ] [ SUM 34032 6220 2.6454 ] 2.69701
VTREEMINER INCR ../../db/my1.asc 0.1 3 1 [ 1 6 5 0.000492 0 ] [ 2 25 15 0.000126 0 ] [ 3 122 34 5.9e-05 0 ] [ 4 242 48 7.39999e-05 0 ] [ 5 254 41 7.59999e-05 0 ] [ 6 170 22 5.19996e-05 0 ] [ 7 72 7 2.3e-05 0 ] [ 8 18 1 7e-06 0 ] [ 9 2 0 1.00001e-06 0 ] [ SUM 911 173 0.00091 ] 0.001894
VTREEMINER INCR ../../db/my2.asc 0.1 1 1 [ 1 3 3 0.000215 0 ] [ 2 9 4 4.4e-05 0 ] [ 3 16 5 2e-05 0 ] [ 4 16 4 9.00001e-06 0 ] [ 5 9 1 3.99997e-06 0 ] [ 6 2 0 1.00001e-06 0 ] [ SUM 55 17 0.000293 ] 0.000679
VTREEMINER INCR ../../db/my3.asc 0.1 1 1 [ 1 4 4 0.000207 0 ] [ 2 16 6 4.60001e-05 0 ] [ 3 40 7 1.5e-05 0 ] [ 4 30 4 1.00001e-05 0 ] [ 5 12 1 3.99997e-06 0 ] [ 6 2 0 1.00001e-06 0 ] [ SUM 104 22 0.000283 ] 0.000638
VTREEMINER INCR ../../db/in1.asc 0.5 100 50 [ 1 106 4 0.003709 0 ] [ 2 16 3 0.0038 0 ] [ 3 18 3 0.000139 0 ] [ 4 10 1 6e-05 0 ] [ 5 2 0 8e-06 0 ] [ SUM 152 11 0.007716 ] 0.007966
VTREEMINER INCR ../../db/in1.asc 0.3 100 30 [ 1 106 4 0.003703 0 ] [ 2 16 3 0.003758 0 ] [ 3 18 3 0.000139 0 ] [ 4 10 1 6.3e-05 0 ] [ 5 2 0 8e-06 0 ] [ SUM 152 11 0.007671 ] 0.007921
VTREEMINER INCR ../../db/in1.asc 0.2 100 20 [ 1 106 4 0.004153 0 ] [ 2 16 3 0.003916 0 ] [ 3 18 3 0.000141 0 ] [ 4 10 1 6.5e-05 0 ] [ 5 2 0 8e-06 0 ] [ SUM 152 11 0.008283 ] 0.008999
VTREEMINER INCR ../../db/in1.asc 0.15 100 15 [ 1 106 11 0.003773 0 ] [ 2 121 25 0.004155 0 ] [ 3 342 73 0.000831 0 ] [ 4 603 144 0.007871 0 ] [ 5 865 202 0.001803 0 ] [ 6 1020 203 0.001945 0 ] [ 7 906 141 0.001558 0 ] [ 8 556 64 0.000864 0 ] [ 9 215 17 0.000294 0 ] [ 10 46 2 5.9e-05 0 ] [ 11 4 0 5.00004e-06 0 ] [ SUM 4784 882 0.023158 ] 0.115299
VTREEMINER INCR ../../db/in1.asc 0.1 100 10 [ 1 106 30 0.004039 0 ] [ 2 900 105 0.004534 0 ] [ 3 3738 673 0.007353 0 ] [ 4 15676 3371 0.023981 0 ] [ 5 56312 13052 0.086969 0 ] [ 6 163648 39371 0.243111 0 ] [ 7 379433 93813 0.557354 0 ] [ 8 717837 179134 1.06406 0 ] [ 9 1130851 277525 1.66056 0 ] [ 10 1500822 352075 2.14799 0 ] [ 11 1684640 367809 2.26024 0 ] [ 12 1596484 317045 2.0558 0 ] [ 13 1269848 225095 1.53097 0 ] [ 14 840180 130873 0.969164 0 ] [ 15 457025 61666 0.502599 0 ] [ 16 201379 23166 0.211294 0 ] [ 17 70505 6769 0.069296 0 ] [ 18 19102 1481 0.018016 0 ] [ 19 3853 228 0.003471 0 ] [ 20 544 22 0.000468 0 ] [ 21 48 1 5.3e-05 0 ] [ 22 2 0 2.00002e-06 0 ] [ SUM 10112933 2093304 13.4213 ] 18.1589
VTREEMINER INCR ../../db/cslogs.ascii 0.1 59691 5969 [ 1 13361 2 3.23019 0 ] [ 2 4 0 3.22058 0 ] [ SUM 13365 2 6.45077 ] 6.47356
VTREEMINER INCR ../../db/in8.asc 0.25 10000 2500 [ 1 106 9 0.32589 0 ] [ 2 81 20 0.367598 0 ] [ 3 220 39 0.059026 0 ] [ 4 238 49 0.057192 0 ] [ 5 202 41 0.047801 0 ] [ 6 125 22 0.027026 0 ] [ 7 54 7 0.010185 0 ] [ 8 15 1 0.00238 0 ] [ 9 2 0 0.000206 0 ] [ SUM 1043 188 0.897304 ] 0.903543
VTREEMINER INCR ../../db/in8.asc 0.1 10000 1000 [ 1 106 23 0.335374 0 ] [ 2 529 72 0.412976 0 ] [ 3 1960 375 0.295565 0 ] [ 4 7014 1545 1.01529 0 ] [ 5 20733 4741 2.89932 0 ] [ 6 47551 10850 6.20402 0 ] [ 7 83667 18901 10.6313 0 ] [ 8 115250 25495 14.2375 0 ] [ 9 126993 26901 14.7086 0 ] [ 10 113053 22280 12.1333 0 ] [ 11 81120 14438 8.25146 0 ] [ 12 46401 7245 4.27525 0 ] [ 13 20810 2761 1.74349 0 ] [ 14 7155 773 0.520583 0 ] [ 15 1825 150 0.119683 0 ] [ 16 327 18 0.018772 0 ] [ 17 37 1 0.001823 0 ] [ 18 2 0 9.69999e-05 0 ] [ SUM 674533 136569 77.8044 ] 79.6516
VTREEMINER INCR /home/zaki/dmine/trees/db/in1.asc 0 100 10 [ 1 106 30 0.004002 0 ] [ 2 900 105 0.00446 0 ] [ 3 3738 673 0.015521 0 ] [ 4 15676 3371 0.022464 0 ] [ 5 56312 13052 0.100458 0 ] [ 6 163648 39371 0.245468 0 ] [ 7 379433 93813 0.554488 0 ] [ 8 717837 179134 1.02697 0 ] [ 9 1130851 277525 1.56875 0 ] [ 10 1500822 352075 2.05528 0 ] [ 11 1684640 367809 2.23375 0 ] [ 12 1596484 317045 1.99479 0 ] [ 13 1269848 225095 1.49739 0 ] [ 14 840180 130873 0.948093 0 ] [ 15 457025 61666 0.488129 0 ] [ 16 201379 23166 0.205694 0 ] [ 17 70505 6769 0.067778 0 ] [ 18 19102 1481 0.020287 0 ] [ 19 3853 228 0.003583 0 ] [ 20 544 22 0.000457 0 ] [ 21 48 1 3.99997e-05 0 ] [ 22 2 0 2.00002e-06 0 ] [ SUM 10112933 2093304 13.0579 ] 17.8271
VTREEMINER INCR /home/zaki/dmine/trees/db/my1.asc 0 3 1 [ 1 6 5 0.01051 0 ] [ 2 25 15 0.000122 0 ] [ 3 122 34 5.19998e-05 0 ] [ 4 242 48 7.00001e-05 0 ] [ 5 254 41 7.49999e-05 0 ] [ 6 170 22 4.49998e-05 0 ] [ 7 72 7 2.1e-05 0 ] [ 8 18 1 4.99992e-06 0 ] [ 9 2 0 1.00001e-06 0 ] [ SUM 911 173 0.010901 ] 0.06539
VTREEMINER INCR /home/zaki/dmine/trees/db/my1.asc 0 3 2 [ 1 6 4 0.000239 0 ] [ 2 16 4 9.6e-05 0 ] [ 3 20 3 2.19998e-05 0 ] [ 4 10 1 6.99994e-06 0 ] [ 5 2 0 2.00002e-06 0 ] [ SUM 54 12 0.000366 ] 0.000557
VTREEMINER INCR /home/zaki/dmine/trees/db/my1.asc 0 3 3 [ 1 6 4 0.000515 0 ] [ 2 16 2 0.000102 0 ] [ 3 8 1 1.1e-05 0 ] [ 4 2 0 1.00001e-06 0 ] [ SUM 32 7 0.000629 ] 0.000999
VTREEMINER INCR /home/zaki/dmine/trees/db/my1.asc 0 3 1 [ 1 6 5 0.000498 0 ] [ 2 25 15 0.000118 0 ] [ 3 122 34 5.30003e-05 0 ] [ 4 242 48 7.19998e-05 0 ] [ 5 254 41 7.50005e-05 0 ] [ 6 170 22 4.69999e-05 0 ] [ 7 72 7 2.6e-05 0 ] [ 8 18 1 6.00005e-06 0 ] [ 9 2 0 2.00002e-06 0 ] [ SUM 911 173 0.000897 ] 0.001926
VTREEMINER INCR /home/zaki/dmine/trees/db/my1.asc 0 3 1 [ 1 6 5 0.000753 0 ] [ 2 25 15 0.000924 0 ] [ 3 122 34 5.7e-05 0 ] [ 4 242 48 9.00001e-05 0 ] [ 5 254 41 9.30001e-05 0 ] [ 6 170 22 6.70004e-05 0 ] [ 7 72 7 3.29998e-05 0 ] [ 8 18 1 8.99995e-06 0 ] [ 9 2 0 2.00002e-06 0 ] [ SUM 911 173 0.002028 ] 0.020529
VTREEMINER INCR /home/zaki/dmine/trees/db/my1.asc 0 3 3 [ 1 6 4 0.00071 0 ] [ 2 16 2 0.000228 0 ] [ 3 8 1 1.09999e-05 0 ] [ 4 2 0 2.00002e-06 0 ] [ SUM 32 7 0.000951 ] 0.001378
VTREEMINER INCR /home/zaki/dmine/trees/db/my1.asc 0 3 2 [ 1 6 4 0.000711 0 ] [ 2 16 4 0.000333 0 ] [ 3 20 3 2.50002e-05 0 ] [ 4 10 1 9.99996e-06 0 ] [ 5 2 0 3.00002e-06 0 ] [ SUM 54 12 0.001082 ] 0.001757
VTREEMINER INCR /home/zaki/dmine/trees/db/my1.asc 0 3 1 [ 1 6 5 0.000763 0 ] [ 2 25 15 0.000931 0 ] [ 3 122 34 5.49998e-05 0 ] [ 4 242 48 9.20005e-05 0 ] [ 5 254 41 9.90004e-05 0 ] [ 6 170 22 6.60002e-05 0 ] [ 7 72 7 3.39999e-05 0 ] [ 8 18 1 1.00001e-05 0 ] [ 9 2 0 3.00002e-06 0 ] [ SUM 911 173 0.002053 ] 0.019833
VTREEMINER INCR /home/zaki/dmine/trees/db/my1.asc 0 3 1 [ 1 6 5 0.000775 0 ] [ 2 25 15 0.000942 0 ] [ 3 122 34 5.90001e-05 0 ] [ 4 242 48 8.50002e-05 0 ] [ 5 254 41 9.5e-05 0 ] [ 6 170 22 6.10002e-05 0 ] [ 7 72 7 3.50002e-05 0 ] [ 8 18 1 9.00007e-06 0 ] [ 9 2 0 2.00002e-06 0 ] [ SUM 911 173 0.002063 ] 0.019427
VTREEMINER INCR /home/zaki/dmine/trees/db/my1.asc 0 3 1 [ 1 6 5 0.000308 0 ] [ 2 25 15 0.000261 0 ] [ 3 122 34 5.40002e-05 0 ] [ 4 242 48 8.09998e-05 0 ] [ 5 254 41 8.10002e-05 0 ] [ 6 170 22 6.4e-05 0 ] [ 7 72 7 2.79999e-05 0 ] [ 8 18 1 7.99994e-06 0 ] [ 9 2 0 2.00002e-06 0 ] [ SUM 911 173 0.000887 ] 0.004199
VTREEMINER INCR /home/zaki/dmine/trees/db/my1.asc 0 3 1 [ 1 6 5 0.000297 0 ] [ 2 25 15 0.000258 0 ] [ 3 122 34 5.29999e-05 0 ] [ 4 242 48 7.40003e-05 0 ] [ 5 254 41 8.19999e-05 0 ] [ 6 170 22 6.1e-05 0 ] [ 7 72 7 3.09998e-05 0 ] [ 8 18 1 7.00005e-06 0 ] [ 9 2 0 2.00002e-06 0 ] [ SUM 911 173 0.000865 ] 0.003827
VTREEMINER INCR /home/zaki/dmine/trees/db/F5.asc 0.01 100000 1000 [ 1 100 27 1.27457 0 ] [ 2 729 32 1.36445 0 ] [ 3 272 29 0.049803 0 ] [ 4 132 10 0.016119 0 ] [ 5 28 1 0.002696 0 ] [ 6 2 0 0.000143 0 ] [ SUM 1263 99 2.70777 ] 2.71055
VTREEMINER INCR /home/zaki/dmine/trees/db/in1.asc 0.1 100 10 [ 1 106 30 0.003964 0 ] [ 2 900 105 0.004469 0 ] [ 3 3738 673 0.005397 0 ] [ 4 15676 3371 0.022289 0 ] [ 5 56312 13052 0.080601 0 ] [ 6 163648 39371 0.236177 0 ] [ 7 379433 93813 0.550255 0 ] [ 8 717837 179134 1.02293 0 ] [ 9 1130851 277525 1.56457 0 ] [ 10 1500822 352075 2.04577 0 ] [ 11 1684640 367809 2.22653 0 ] [ 12 1596484 317045 1.98923 0 ] [ 13 1269848 225095 1.48556 0 ] [ 14 840180 130873 0.949312 0 ] [ 15 457025 61666 0.488897 0 ] [ 16 201379 23166 0.203281 0 ] [ 17 70505 6769 0.067996 0 ] [ 18 19102 1481 0.018165 0 ] [ 19 3853 228 0.003564 0 ] [ 20 544 22 0.00045 0 ] [ 21 48 1 3.6e-05 0 ] [ 22 2 0 2.00002e-06 0 ] [ SUM 10112933 2093304 12.9694 ] 17.7587
VTREEMINER INCR FULLPATH /home/zaki/dmine/trees/db/in1.asc 0 100 10 [ 1 106 30 0.004037 0 ] [ 2 900 105 0.004894 0 ] [ 3 3738 673 0.008835 0 ] [ 4 15676 3371 0.037589 0 ] [ 5 56312 13052 0.142162 0 ] [ 6 163648 39371 0.407131 0 ] [ 7 379433 93813 0.966081 0 ] [ 8 717837 179134 1.78733 0 ] [ 9 1130851 277525 2.74185 0 ] [ 10 1500822 352075 3.46916 0 ] [ 11 1684640 367809 3.70413 0 ] [ 12 1596484 317045 3.23116 0 ] [ 13 1269848 225095 2.41698 0 ] [ 14 840180 130873 1.4645 0 ] [ 15 457025 61666 0.734332 0 ] [ 16 201379 23166 0.295855 0 ] [ 17 70505 6769 0.097214 0 ] [ 18 19102 1481 0.024163 0 ] [ 19 3853 228 0.004942 0 ] [ 20 544 22 0.000596999 0 ] [ 21 48 1 4.39999e-05 0 ] [ 22 2 0 2.00002e-06 0 ] [ SUM 10112933 2093304 21.543 ] 26.9574
VTREEMINER INCR /home/zaki/dmine/trees/db/in1.asc 0 100 10 [ 1 106 30 0.004077 0 ] [ 2 900 105 0.004475 0 ] [ 3 3738 673 0.005434 0 ] [ 4 15676 3371 0.025029 0 ] [ 5 56312 13052 0.091365 0 ] [ 6 163648 39371 0.248575 0 ] [ 7 379433 93813 0.553925 0 ] [ 8 717837 179134 1.0346 0 ] [ 9 1130851 277525 1.58256 0 ] [ 10 1500822 352075 2.0852 0 ] [ 11 1684640 367809 2.27625 0 ] [ 12 1596484 317045 2.0764 0 ] [ 13 1269848 225095 1.50402 0 ] [ 14 840180 130873 1.01695 0 ] [ 15 457025 61666 0.498665 0 ] [ 16 201379 23166 0.205389 0 ] [ 17 70505 6769 0.068394 0 ] [ 18 19102 1481 0.018401 0 ] [ 19 3853 228 0.003807 0 ] [ 20 544 22 0.000469 0 ] [ 21 48 1 3.49999e-05 0 ] [ 22 2 0 1.9999e-06 0 ] [ SUM 10112933 2093304 13.304 ] 18.1847
VTREEMINER INCR /home/zaki/dmine/trees/db/my10.asc 0 1 1 [ 1 6 5 0.000555 0 ] [ 2 25 7 7.70001e-05 0 ] [ 3 54 21 3.49999e-05 0 ] [ 4 184 51 6e-05 0 ] [ 5 308 69 9.40001e-05 0 ] [ 6 295 56 8.89999e-05 0 ] [ 7 188 28 6.20002e-05 0 ] [ 8 82 8 2.7e-05 0 ] [ 9 20 1 8.00006e-06 0 ] [ 10 2 0 2.00002e-06 0 ] [ SUM 1164 246 0.001009 ] 0.002211
VTREEMINER INCR /home/zaki/dmine/trees/db/in1.asc 0 100 13 [ 1 106 20 0.003987 0 ] [ 2 400 60 0.004285 0 ] [ 3 1420 307 0.002453 0 ] [ 4 5043 1266 0.023727 0 ] [ 5 15570 3965 0.024783 0 ] [ 6 38066 9499 0.073584 0 ] [ 7 72579 17717 0.114527 0 ] [ 8 110673 26151 0.171996 0 ] [ 9 137818 30893 0.208913 0 ] [ 10 141445 29368 0.210351 0 ] [ 11 119625 22462 0.16988 0 ] [ 12 82831 13742 0.109598 0 ] [ 13 46420 6643 0.056878 0 ] [ 14 20699 2485 0.024321 0 ] [ 15 7163 695 0.008946 0 ] [ 16 1852 137 0.001926 0 ] [ 17 336 17 0.000337 0 ] [ 18 38 1 3.6e-05 0 ] [ 19 2 0 2.00002e-06 0 ] [ SUM 802086 165428 1.21053 ] 1.57988
VTREEMINER INCR /home/zaki/dmine/trees/db/in1.asc 0 100 10 [ 1 106 30 0.004001 0 ] [ 2 900 105 0.004628 0 ] [ 3 3738 673 0.005415 0 ] [ 4 15676 3371 0.022374 0 ] [ 5 56312 13052 0.080419 0 ] [ 6 163648 39371 0.256017 0 ] [ 7 379433 93813 0.552434 0 ] [ 8 717837 179134 1.02418 0 ] [ 9 1130851 277525 1.56692 0 ] [ 10 1500822 352075 2.04609 0 ] [ 11 1684640 367809 2.22332 0 ] [ 12 1596484 317045 1.99671 0 ] [ 13 1269848 225095 1.48512 0 ] [ 14 840180 130873 0.946408 0 ] [ 15 457025 61666 0.485311 0 ] [ 16 201379 23166 0.204594 0 ] [ 17 70505 6769 0.067995 0 ] [ 18 19102 1481 0.01816 0 ] [ 19 3853 228 0.003562 0 ] [ 20 544 22 0.000467001 0 ] [ 21 48 1 3.69998e-05 0 ] [ 22 2 0 1.9999e-06 0 ] [ SUM 10112933 2093304 12.9942 ] 17.7678
VTREEMINER INCR /home/zaki/dmine/trees/db/cslogs.asc 0 59691 2000 [ 1 13361 17 3.1295 0 ] [ 2 289 4 3.27099 0 ] [ 3 12 0 0.014653 0 ] [ SUM 13662 21 6.41515 ] 6.41572
VTREEMINER INCR /home/zaki/dmine/trees/db/cslogs.asc 0 59691 1000 [ 1 13361 50 3.13534 0 ] [ 2 2500 42 3.29539 0 ] [ 3 812 13 0.273065 0 ] [ 4 49 4 4.67398 0 ] [ 5 12 0 0.000686 0 ] [ SUM 16734 109 11.3785 ] 11.385
VTREEMINER INCR /home/zaki/dmine/trees/db/my7.asc 0 1 1 [ 1 3 3 0.000659 0 ] [ 2 9 4 0.000283 0 ] [ 3 16 8 2.29999e-05 0 ] [ 4 28 12 3.4e-05 0 ] [ 5 35 12 2.89998e-05 0 ] [ 6 29 6 1.79999e-05 0 ] [ 7 13 1 8.00006e-06 0 ] [ 8 2 0 1.00001e-06 0 ] [ SUM 135 46 0.001055 ] 0.006398
VTREEMINER INCR /home/zaki/dmine/trees/db/my7.asc 0 1 1 [ 1 3 3 0.000235 0 ] [ 2 9 4 8.60001e-05 0 ] [ 3 16 8 2.20002e-05 0 ] [ 4 28 12 2.8e-05 0 ] [ 5 35 12 2.49997e-05 0 ] [ 6 29 6 1.70001e-05 0 ] [ 7 13 1 6.00005e-06 0 ] [ 8 2 0 2.00002e-06 0 ] [ SUM 135 46 0.000421 ] 0.001462
VTREEMINER INCR /home/zaki/dmine/trees/db/my7.asc 0 1 1 [ 1 3 3 0.000268 0 ] [ 2 9 4 9.79999e-05 0 ] [ 3 16 8 2.40002e-05 0 ] [ 4 28 12 2.8e-05 0 ] [ 5 35 12 2.49998e-05 0 ] [ 6 29 6 1.60001e-05 0 ] [ 7 13 1 8.99984e-06 0 ] [ 8 2 0 1.00001e-06 0 ] [ SUM 135 46 0.000469 ] 0.001657
VTREEMINER INCR /home/zaki/dmine/trees/db/my1.asc 0 3 1 [ 1 6 5 0.000294 0 ] [ 2 25 15 0.000229 0 ] [ 3 122 34 5.40001e-05 0 ] [ 4 242 48 8.6e-05 0 ] [ 5 254 41 8.39997e-05 0 ] [ 6 170 22 6.09998e-05 0 ] [ 7 72 7 2.90002e-05 0 ] [ 8 18 1 8.00006e-06 0 ] [ 9 2 0 7.99994e-06 0 ] [ SUM 911 173 0.000853 ] 0.011476
VTREEMINER INCR /home/zaki/dmine/trees/db/my1.asc 0 3 1 [ 1 6 5 0.000794 0 ] [ 2 25 15 0.000944 0 ] [ 3 122 34 5.60002e-05 0 ] [ 4 242 48 8.79999e-05 0 ] [ 5 254 41 0.0001 0 ] [ 6 170 22 7.1e-05 0 ] [ 7 72 7 3.39999e-05 0 ] [ 8 18 1 9.99973e-06 0 ] [ 9 2 0 1.3e-05 0 ] [ SUM 911 173 0.00211 ] 0.033717
VTREEMINER INCR /home/zaki/dmine/trees/db/my1.asc 0 3 1 [ 1 6 5 0.00032 0 ] [ 2 25 15 0.000262 0 ] [ 3 122 34 5.7e-05 0 ] [ 4 242 48 7.69999e-05 0 ] [ 5 254 41 8.30002e-05 0 ] [ 6 170 22 5.69999e-05 0 ] [ 7 72 7 2.70002e-05 0 ] [ 8 18 1 8.99995e-06 0 ] [ 9 2 0 7.00005e-06 0 ] [ SUM 911 173 0.000899 ] 0.004488
VTREEMINER INCR /home/zaki/dmine/trees/db/my1.asc 0 3 1 [ 1 6 5 0.000283 0 ] [ 2 25 15 0.000225 0 ] [ 3 122 34 5.40002e-05 0 ] [ 4 242 48 7.8e-05 0 ] [ 5 254 41 8.30002e-05 0 ] [ 6 170 22 6e-05 0 ] [ 7 72 7 2.99999e-05 0 ] [ 8 18 1 8.99995e-06 0 ] [ 9 2 0 5.99993e-06 0 ] [ SUM 911 173 0.000828 ] 0.010458
VTREEMINER INCR /home/zaki/dmine/trees/db/my2.asc 0 1 1 [ 1 3 3 0.000649 0 ] [ 2 9 4 0.000286 0 ] [ 3 16 5 1.99999e-05 0 ] [ 4 16 4 9.00007e-06 0 ] [ 5 9 1 4.99992e-06 0 ] [ 6 2 0 2.00002e-06 0 ] [ SUM 55 17 0.000971 ] 0.002518
VTREEMINER INCR /home/zaki/dmine/trees/db/my3.asc 0 1 1 [ 1 4 4 0.000691 0 ] [ 2 16 6 0.000393 0 ] [ 3 40 7 1.8e-05 0 ] [ 4 30 4 1.20001e-05 0 ] [ 5 12 1 6.99994e-06 0 ] [ 6 2 0 1.00001e-06 0 ] [ SUM 104 22 0.001122 ] 0.002779
VTREEMINER INCR /home/zaki/dmine/trees/db/my4.asc 0 1 1 [ 1 4 4 0.000699 0 ] [ 2 16 6 0.000392 0 ] [ 3 40 10 1.9e-05 0 ] [ 4 48 10 2.19998e-05 0 ] [ 5 34 5 1.50001e-05 0 ] [ 6 14 1 8.99972e-06 0 ] [ 7 2 0 2.00002e-06 0 ] [ SUM 158 36 0.001158 ] 0.005941
VTREEMINER INCR /home/zaki/dmine/trees/db/my5.asc 0 3 1 [ 1 9 8 0.00094 0 ] [ 2 64 18 0.001096 0 ] [ 3 192 40 6.1e-05 0 ] [ 4 256 50 8.70001e-05 0 ] [ 5 258 41 0.0001 0 ] [ 6 170 22 7.39999e-05 0 ] [ 7 72 7 3.2e-05 0 ] [ 8 18 1 8.99995e-06 0 ] [ 9 2 0 3.00002e-06 0 ] [ SUM 1041 187 0.002402 ] 0.024547
VTREEMINER INCR /home/zaki/dmine/trees/db/my6.asc 0 1 1 [ 1 4 4 0.000679 0 ] [ 2 16 5 0.000327 0 ] [ 3 26 6 2.09999e-05 0 ] [ 4 28 4 1.30001e-05 0 ] [ 5 12 1 6.00005e-06 0 ] [ 6 2 0 2.00002e-06 0 ] [ SUM 88 20 0.001048 ] 0.002546
VTREEMINER INCR /home/zaki/dmine/trees/db/my7.asc 0 1 1 [ 1 3 3 0.000235 0 ] [ 2 9 4 8.50001e-05 0 ] [ 3 16 8 2.20001e-05 0 ] [ 4 28 12 2.79996e-05 0 ] [ 5 35 12 2.59998e-05 0 ] [ 6 29 6 1.60001e-05 0 ] [ 7 13 1 6.00005e-06 0 ] [ 8 2 0 2.00002e-06 0 ] [ SUM 135 46 0.00042 ] 0.001456
VTREEMINER INCR /home/zaki/dmine/trees/db/my8.asc 0 1 1 [ 1 6 5 0.00079 0 ] [ 2 25 14 0.000863 0 ] [ 3 104 51 0.000106 0 ] [ 4 355 158 0.000300999 0 ] [ 5 864 370 0.000638001 0 ] [ 6 1651 625 0.001026 0 ] [ 7 2483 773 0.001324 0 ] [ 8 2850 700 0.001381 0 ] [ 9 2410 458 0.001101 0 ] [ 10 1464 211 0.000643 0 ] [ 11 619 65 0.000284001 0 ] [ 12 172 12 8.50001e-05 0 ] [ 13 28 1 1.49996e-05 0 ] [ 14 2 0 9.99891e-07 0 ] [ SUM 13033 3443 0.008558 ] 0.734106
VTREEMINER INCR /home/zaki/dmine/trees/db/my9.asc 0 1 1 [ 1 5 4 0.000697 0 ] [ 2 16 6 0.00039 0 ] [ 3 40 10 1.8e-05 0 ] [ 4 48 10 2.19999e-05 0 ] [ 5 34 5 1.7e-05 0 ] [ 6 14 1 6.99994e-06 0 ] [ 7 2 0 2.00002e-06 0 ] [ SUM 159 36 0.001153 ] 0.006461
VTREEMINER INCR /home/zaki/dmine/trees/db/my10.asc 0 1 1 [ 1 6 5 0.000855 0 ] [ 2 25 7 0.000465 0 ] [ 3 54 21 3.59999e-05 0 ] [ 4 184 51 6.99996e-05 0 ] [ 5 308 69 0.00011 0 ] [ 6 295 56 0.000109 0 ] [ 7 188 28 8.69998e-05 0 ] [ 8 82 8 4.59998e-05 0 ] [ 9 20 1 1.1e-05 0 ] [ 10 2 0 1.9999e-06 0 ] [ SUM 1164 246 0.001791 ] 0.032684
VTREEMINER INCR /home/zaki/dmine/trees/db/in1.asc 0 100 10 [ 1 106 30 0.003924 0 ] [ 2 900 105 0.004456 0 ] [ 3 3738 673 0.025541 0 ] [ 4 15676 3371 0.022639 0 ] [ 5 56312 13052 0.080861 0 ] [ 6 163648 39371 0.237077 0 ] [ 7 379433 93813 0.547134 0 ] [ 8 717837 179134 1.02826 0 ] [ 9 1130851 277525 1.57764 0 ] [ 10 1500822 352075 2.05385 0 ] [ 11 1684640 367809 2.2232 0 ] [ 12 1596484 317045 1.99865 0 ] [ 13 1269848 225095 1.49179 0 ] [ 14 840180 130873 0.946657 0 ] [ 15 457025 61666 0.488931 0 ] [ 16 201379 23166 0.205738 0 ] [ 17 70505 6769 0.067305 0 ] [ 18 19102 1481 0.017954 0 ] [ 19 3853 228 0.003452 0 ] [ 20 544 22 0.000471999 0 ] [ 21 48 1 4.20003e-05 0 ] [ 22 2 0 2.00002e-06 0 ] [ SUM 10112933 2093304 13.0256 ] 17.8302
VTREEMINER INCR /home/zaki/dmine/trees/db/my8.asc 0 1 10 [ 1 6 0 0.000507 0 ] [ 2 0 0 5.9e-05 0 ] [ SUM 6 0 0.000566 ] 0.000852
VTREEMINER INCR /home/zaki/dmine/trees/db/my8.asc 0 1 1 [ 1 6 5 0.000755 0 ] [ 2 25 14 0.000844 0 ] [ 3 104 51 0.00011 0 ] [ 4 355 158 0.000305999 0 ] [ 5 864 370 0.000644 0 ] [ 6 1651 625 0.008079 0 ] [ 7 2483 773 0.001358 0 ] [ 8 2850 700 0.001379 0 ] [ 9 2410 458 0.001087 0 ] [ 10 1464 211 0.000698999 0 ] [ 11 619 65 0.000280001 0 ] [ 12 172 12 8.30002e-05 0 ] [ 13 28 1 2.1e-05 0 ] [ 14 2 0 2.00002e-06 0 ] [ SUM 13033 3443 0.015647 ] 0.745227
VTREEMINER INCR /home/zaki/dmine/trees/db/my2.asc 0 1 1 [ 1 3 3 0.000642 0 ] [ 2 9 4 0.000284 0 ] [ 3 16 5 2e-05 0 ] [ 4 16 4 1.10001e-05 0 ] [ 5 9 1 5.00004e-06 0 ] [ 6 2 0 2.00002e-06 0 ] [ SUM 55 17 0.000964 ] 0.002527
VTREEMINER INCR /home/zaki/dmine/trees/db/my2.asc 0 1 1 [ 1 3 3 0.000229 0 ] [ 2 9 4 4.30001e-05 0 ] [ 3 16 5 1.69999e-05 0 ] [ 4 16 4 9.99996e-06 0 ] [ 5 9 1 5.00004e-06 0 ] [ 6 2 0 1.00001e-06 0 ] [ SUM 55 17 0.000305 ] 0.000739
VTREEMINER INCR /home/zaki/dmine/trees/db/my8.asc 0 1 1 [ 1 6 5 0.000295 0 ] [ 2 25 14 9.2e-05 0 ] [ 3 104 51 0.000105 0 ] [ 4 355 158 0.000297 0 ] [ 5 864 370 0.000617001 0 ] [ 6 1651 625 0.001015 0 ] [ 7 2483 773 0.001305 0 ] [ 8 2850 700 0.00132 0 ] [ 9 2410 458 0.001038 0 ] [ 10 1464 211 0.000602999 0 ] [ 11 619 65 0.000261 0 ] [ 12 172 12 8.00005e-05 0 ] [ 13 28 1 1.50001e-05 0 ] [ 14 2 0 2.00002e-06 0 ] [ SUM 13033 3443 0.007045 ] 0.125688
VTREEMINER INCR /home/zaki/dmine/trees/db/my8.asc 0 1 1 [ 1 6 5 0.000236 0 ] [ 2 25 14 8.9e-05 0 ] [ 3 104 51 9.49999e-05 0 ] [ 4 355 158 0.000564 0 ] [ 5 864 370 0.000548 0 ] [ 6 1651 625 0.00088 0 ] [ 7 2483 773 0.001094 0 ] [ 8 2850 700 0.001103 0 ] [ 9 2410 458 0.000826 0 ] [ 10 1464 211 0.000482 0 ] [ 11 619 65 0.000213 0 ] [ 12 172 12 6.1e-05 0 ] [ 13 28 1 8.99995e-06 0 ] [ 14 2 0 1.00001e-06 0 ] [ SUM 13033 3443 0.006201 ] 0.013781
VTREEMINER INCR /home/zaki/dmine/trees/db/my1.asc 0 3 1 [ 1 6 5 0.000539 0 ] [ 2 25 15 0.000118 0 ] [ 3 122 34 5.29999e-05 0 ] [ 4 242 48 7e-05 0 ] [ 5 254 41 7.4e-05 0 ] [ 6 170 22 5.80002e-05 0 ] [ 7 72 7 2e-05 0 ] [ 8 18 1 6.99994e-06 0 ] [ 9 2 0 2.00002e-06 0 ] [ SUM 911 173 0.000941 ] 0.001992
VTREEMINER INCR /home/zaki/dmine/trees/db/in1.asc 0 100 15 [ 1 106 11 0.00409 0 ] [ 2 121 25 0.00394 0 ] [ 3 342 73 0.000817 0 ] [ 4 603 144 0.001351 0 ] [ 5 865 202 0.001645 0 ] [ 6 1020 203 0.001788 0 ] [ 7 906 141 0.001421 0 ] [ 8 556 64 0.000773999 0 ] [ 9 215 17 0.000267 0 ] [ 10 46 2 5.30001e-05 0 ] [ 11 4 0 3.99991e-06 0 ] [ SUM 4784 882 0.01615 ] 0.018696
VTREEMINER INCR /home/zaki/dmine/trees/db/in1.asc 0 100 13 [ 1 106 20 0.004001 0 ] [ 2 400 60 0.004246 0 ] [ 3 1420 307 0.002459 0 ] [ 4 5043 1266 0.008247 0 ] [ 5 15570 3965 0.025208 0 ] [ 6 38066 9499 0.063102 0 ] [ 7 72579 17717 0.114865 0 ] [ 8 110673 26151 0.202838 0 ] [ 9 137818 30893 0.210305 0 ] [ 10 141445 29368 0.213303 0 ] [ 11 119625 22462 0.167865 0 ] [ 12 82831 13742 0.109087 0 ] [ 13 46420 6643 0.057251 0 ] [ 14 20699 2485 0.024245 0 ] [ 15 7163 695 0.00787 0 ] [ 16 1852 137 0.001928 0 ] [ 17 336 17 0.000352001 0 ] [ 18 38 1 3.4e-05 0 ] [ 19 2 0 3.00002e-06 0 ] [ SUM 802086 165428 1.21721 ] 1.57236
VTREEMINER INCR /home/zaki/dmine/trees/db/my1.asc 0 3 1 [ 1 6 5 0.000614 0 ] [ 2 25 15 0.000123 0 ] [ 3 122 34 5.50001e-05 0 ] [ 4 242 48 7.00001e-05 0 ] [ 5 254 41 7.50002e-05 0 ] [ 6 170 22 5.2e-05 0 ] [ 7 72 7 2.29999e-05 0 ] [ 8 18 1 7.00005e-06 0 ] [ 9 2 0 2.00002e-06 0 ] [ SUM 911 173 0.001021 ] 0.002035
VTREEMINER INCR /home/zaki/dmine/trees/db/my2.asc 0 1 1 [ 1 3 3 0.000471 0 ] [ 2 9 4 5.2e-05 0 ] [ 3 16 5 1.8e-05 0 ] [ 4 16 4 7.99994e-06 0 ] [ 5 9 1 3.00002e-06 0 ] [ 6 2 0 9.99891e-07 0 ] [ SUM 55 17 0.000553 ] 0.001062
VTREEMINER INCR /home/zaki/dmine/trees/db/my3.asc 0 1 1 [ 1 4 4 0.000426 0 ] [ 2 16 6 4.8e-05 0 ] [ 3 40 7 1.59999e-05 0 ] [ 4 30 4 9.00007e-06 0 ] [ 5 12 1 6.00005e-06 0 ] [ 6 2 0 1.00001e-06 0 ] [ SUM 104 22 0.000506 ] 0.000732
VTREEMINER INCR /home/zaki/dmine/trees/db/my4.asc 0 1 1 [ 1 4 4 0.000488 0 ] [ 2 16 6 5.70001e-05 0 ] [ 3 40 10 1.7e-05 0 ] [ 4 48 10 1.4e-05 0 ] [ 5 34 5 1.39999e-05 0 ] [ 6 14 1 4.00003e-06 0 ] [ 7 2 0 1.00001e-06 0 ] [ SUM 158 36 0.000595 ] 0.0012
VTREEMINER INCR /home/zaki/dmine/trees/db/my5.asc 0 3 1 [ 1 9 8 0.000516 0 ] [ 2 64 18 0.000116 0 ] [ 3 192 40 5.60001e-05 0 ] [ 4 256 50 7.70001e-05 0 ] [ 5 258 41 7e-05 0 ] [ 6 170 22 5.29997e-05 0 ] [ 7 72 7 2e-05 0 ] [ 8 18 1 5.00004e-06 0 ] [ 9 2 0 1.00001e-06 0 ] [ SUM 1041 187 0.000914 ] 0.001949
VTREEMINER INCR /home/zaki/dmine/trees/db/my6.asc 0 1 1 [ 1 4 4 0.000473 0 ] [ 2 16 5 5.39999e-05 0 ] [ 3 26 6 1.99998e-05 0 ] [ 4 28 4 8.99984e-06 0 ] [ 5 12 1 5.00004e-06 0 ] [ 6 2 0 1.00001e-06 0 ] [ SUM 88 20 0.000562 ] 0.001082
VTREEMINER INCR /home/zaki/dmine/trees/db/my7.asc 0 1 1 [ 1 3 3 0.000481 0 ] [ 2 9 4 6.2e-05 0 ] [ 3 16 8 2.10002e-05 0 ] [ 4 28 12 2.5e-05 0 ] [ 5 35 12 2.20002e-05 0 ] [ 6 29 6 1.69999e-05 0 ] [ 7 13 1 5.00004e-06 0 ] [ 8 2 0 1.00001e-06 0 ] [ SUM 135 46 0.000634 ] 0.001335
VTREEMINER INCR /home/zaki/dmine/trees/db/my8.asc 0 1 1 [ 1 6 5 0.000496 0 ] [ 2 25 14 9.7e-05 0 ] [ 3 104 51 9.79999e-05 0 ] [ 4 355 158 0.00027 0 ] [ 5 864 370 0.000552999 0 ] [ 6 1651 625 0.000875 0 ] [ 7 2483 773 0.001104 0 ] [ 8 2850 700 0.00108 0 ] [ 9 2410 458 0.000887999 0 ] [ 10 1464 211 0.000478 0 ] [ 11 619 65 0.000205 0 ] [ 12 172 12 5.90001e-05 0 ] [ 13 28 1 1.10001e-05 0 ] [ 14 2 0 1.00001e-06 0 ] [ SUM 13033 3443 0.006215 ] 0.01446
VTREEMINER INCR /home/zaki/dmine/trees/db/my9.asc 0 1 1 [ 1 5 4 0.000518 0 ] [ 2 16 6 9.2e-05 0 ] [ 3 40 10 1.79999e-05 0 ] [ 4 48 10 1.79999e-05 0 ] [ 5 34 5 1.10001e-05 0 ] [ 6 14 1 5.00004e-06 0 ] [ 7 2 0 1.00001e-06 0 ] [ SUM 159 36 0.000663 ] 0.011634
VTREEMINER INCR /home/zaki/dmine/trees/db/my10.asc 0 1 1 [ 1 6 5 0.000479 0 ] [ 2 25 7 7.20001e-05 0 ] [ 3 54 21 3.3e-05 0 ] [ 4 184 51 6.50003e-05 0 ] [ 5 308 69 9.4e-05 0 ] [ 6 295 56 9.29997e-05 0 ] [ 7 188 28 7.7e-05 0 ] [ 8 82 8 3.00001e-05 0 ] [ 9 20 1 8.00006e-06 0 ] [ 10 2 0 1.00001e-06 0 ] [ SUM 1164 246 0.000952 ] 0.002175
VTREEMINER INCR /home/zaki/dmine/trees/db/my7.asc 0 1 1 [ 1 3 3 0.000478 0 ] [ 2 9 4 6.29999e-05 0 ] [ 3 16 8 2.1e-05 0 ] [ 4 28 12 2.30002e-05 0 ] [ 5 35 12 2.1e-05 0 ] [ 6 29 6 1.5e-05 0 ] [ 7 13 1 4.99981e-06 0 ] [ 8 2 0 1.00001e-06 0 ] [ SUM 135 46 0.000627 ] 0.00133
VTREEMINER INCR /home/zaki/dmine/trees/db/my7.asc 0 1 1 [ 1 3 3 0.000636 0 ] [ 2 9 4 6.4e-05 0 ] [ 3 16 8 2.50001e-05 0 ] [ 4 28 12 2.99999e-05 0 ] [ 5 35 12 2.80001e-05 0 ] [ 6 29 6 2.1e-05 0 ] [ 7 13 1 9.00007e-06 0 ] [ 8 2 0 1.00001e-06 0 ] [ SUM 135 46 0.000814 ] 0.009299
VTREEMINER INCR /home/zaki/dmine/trees/db/my2.asc 0 1 1 [ 1 3 3 0.000214 0 ] [ 2 9 4 4.2e-05 0 ] [ 3 16 5 1.8e-05 0 ] [ 4 16 4 9.99996e-06 0 ] [ 5 9 1 4.99992e-06 0 ] [ 6 2 0 1.00001e-06 0 ] [ SUM 55 17 0.00029 ] 0.000698
VTREEMINER INCR /home/zaki/dmine/trees/db/my3.asc 0 1 1 [ 1 4 4 0.000226 0 ] [ 2 16 6 4.40001e-05 0 ] [ 3 40 7 1.60001e-05 0 ] [ 4 30 4 1.2e-05 0 ] [ 5 12 1 4.99992e-06 0 ] [ 6 2 0 1.00001e-06 0 ] [ SUM 104 22 0.000304 ] 0.000755
VTREEMINER INCR /home/zaki/dmine/trees/db/my4.asc 0 1 1 [ 1 4 4 0.000685 0 ] [ 2 16 6 5.8e-05 0 ] [ 3 40 10 2.1e-05 0 ] [ 4 48 10 2.39998e-05 0 ] [ 5 34 5 1.60001e-05 0 ] [ 6 14 1 6.99994e-06 0 ] [ 7 2 0 1.00001e-06 0 ] [ SUM 158 36 0.000812 ] 0.012854
VTREEMINER INCR /home/zaki/dmine/trees/db/my5.asc 0 3 1 [ 1 9 8 0.000929 0 ] [ 2 64 18 0.000121 0 ] [ 3 192 40 6.19999e-05 0 ] [ 4 256 50 8.8e-05 0 ] [ 5 258 41 9.40001e-05 0 ] [ 6 170 22 7.20004e-05 0 ] [ 7 72 7 3.1e-05 0 ] [ 8 18 1 1.00001e-05 0 ] [ 9 2 0 2.99991e-06 0 ] [ SUM 1041 187 0.00141 ] 0.024643
VTREEMINER INCR /home/zaki/dmine/trees/db/my6.asc 0 1 1 [ 1 4 4 0.000674 0 ] [ 2 16 5 5.39999e-05 0 ] [ 3 26 6 2.09998e-05 0 ] [ 4 28 4 1.00001e-05 0 ] [ 5 12 1 6.00005e-06 0 ] [ 6 2 0 1.00001e-06 0 ] [ SUM 88 20 0.000766 ] 0.002559
VTREEMINER INCR /home/zaki/dmine/trees/db/my7.asc 0 1 1 [ 1 3 3 0.000627 0 ] [ 2 9 4 6.4e-05 0 ] [ 3 16 8 2.50001e-05 0 ] [ 4 28 12 3e-05 0 ] [ 5 35 12 2.69997e-05 0 ] [ 6 29 6 1.9e-05 0 ] [ 7 13 1 7.99983e-06 0 ] [ 8 2 0 1.00001e-06 0 ] [ SUM 135 46 0.000801 ] 0.00892
VTREEMINER INCR /home/zaki/dmine/trees/db/my8.asc 0 1 1 [ 1 6 5 0.000751 0 ] [ 2 25 14 9.90002e-05 0 ] [ 3 104 51 0.000118 0 ] [ 4 355 158 0.000311999 0 ] [ 5 864 370 0.000635 0 ] [ 6 1651 625 0.001028 0 ] [ 7 2483 773 0.001346 0 ] [ 8 2850 700 0.001384 0 ] [ 9 2410 458 0.001067 0 ] [ 10 1464 211 0.000648999 0 ] [ 11 619 65 0.000281 0 ] [ 12 172 12 8.40002e-05 0 ] [ 13 28 1 1.69999e-05 0 ] [ 14 2 0 1.9999e-06 0 ] [ SUM 13033 3443 0.007773 ] 0.688774
VTREEMINER INCR /home/zaki/dmine/trees/db/my9.asc 0 1 1 [ 1 5 4 0.000225 0 ] [ 2 16 6 4.9e-05 0 ] [ 3 40 10 1.9e-05 0 ] [ 4 48 10 2e-05 0 ] [ 5 34 5 1.50001e-05 0 ] [ 6 14 1 7.00005e-06 0 ] [ 7 2 0 1.00001e-06 0 ] [ SUM 159 36 0.000336 ] 0.001075
VTREEMINER INCR /home/zaki/dmine/trees/db/my10.asc 0 1 1 [ 1 6 5 0.00024 0 ] [ 2 25 7 6.5e-05 0 ] [ 3 54 21 3.69999e-05 0 ] [ 4 184 51 0.00014 0 ] [ 5 308 69 0.000108 0 ] [ 6 295 56 0.000111 0 ] [ 7 188 28 7.80001e-05 0 ] [ 8 82 8 3.60002e-05 0 ] [ 9 20 1 9.00007e-06 0 ] [ 10 2 0 2.00002e-06 0 ] [ SUM 1164 246 0.000826 ] 0.006173
VTREEMINER INCR /home/zaki/dmine/trees/db/in1.asc 0 100 13 [ 1 106 20 0.004044 0 ] [ 2 400 60 0.00414 0 ] [ 3 1420 307 0.002611 0 ] [ 4 5043 1266 0.008609 0 ] [ 5 15570 3965 0.025269 0 ] [ 6 38066 9499 0.060707 0 ] [ 7 72579 17717 0.136328 0 ] [ 8 110673 26151 0.172873 0 ] [ 9 137818 30893 0.21079 0 ] [ 10 141445 29368 0.212811 0 ] [ 11 119625 22462 0.171818 0 ] [ 12 82831 13742 0.109679 0 ] [ 13 46420 6643 0.057828 0 ] [ 14 20699 2485 0.024544 0 ] [ 15 7163 695 0.008116 0 ] [ 16 1852 137 0.001927 0 ] [ 17 336 17 0.000341 0 ] [ 18 38 1 3.40001e-05 0 ] [ 19 2 0 2.00002e-06 0 ] [ SUM 802086 165428 1.21247 ] 1.57087
VTREEMINER INCR /home/zaki/dmine/trees/db/in2.asc 0 200 25 [ 1 106 15 0.00731 0 ] [ 2 225 42 0.007945 0 ] [ 3 824 161 0.006309 0 ] [ 4 1914 404 0.006651 0 ] [ 5 3195 707 0.010962 0 ] [ 6 4059 888 0.045216 0 ] [ 7 4023 807 0.011976 0 ] [ 8 3086 527 0.008111 0 ] [ 9 1767 241 0.003937 0 ] [ 10 717 73 0.001418 0 ] [ 11 192 13 0.000345 0 ] [ 12 30 1 4.09998e-05 0 ] [ 13 2 0 3.00002e-06 0 ] [ SUM 20140 3879 0.110224 ] 0.12016
VTREEMINER INCR /home/zaki/dmine/trees/db/in3.asc 0 300 25 [ 1 106 13 0.009963 0 ] [ 2 169 32 0.007722 0 ] [ 3 528 110 0.002659 0 ] [ 4 1096 250 0.024621 0 ] [ 5 1667 393 0.017378 0 ] [ 6 1940 434 0.00692 0 ] [ 7 1720 336 0.005492 0 ] [ 8 1132 178 0.003099 0 ] [ 9 528 61 0.001174 0 ] [ 10 161 12 0.000307 0 ] [ 11 28 1 4.50001e-05 0 ] [ 12 2 0 2.99991e-06 0 ] [ SUM 9077 1820 0.079383 ] 0.116007
VTREEMINER INCR /home/zaki/dmine/trees/db/in4.asc 0 500 50 [ 1 106 23 0.025932 0 ] [ 2 529 72 0.030366 0 ] [ 3 1976 342 0.013953 0 ] [ 4 5874 1158 0.068073 0 ] [ 5 13324 2787 0.081676 0 ] [ 6 23109 4993 0.135081 0 ] [ 7 31214 6903 0.171347 0 ] [ 8 34149 7479 0.175063 0 ] [ 9 30650 6339 0.16475 0 ] [ 10 22206 4148 0.101681 0 ] [ 11 12645 2049 0.053977 0 ] [ 12 5507 738 0.022975 0 ] [ 13 1776 183 0.006281 0 ] [ 14 403 28 0.001276 0 ] [ 15 58 2 0.000163 0 ] [ 16 4 0 9.00007e-06 0 ] [ SUM 183530 37244 1.0526 ] 1.15222
VTREEMINER INCR /home/zaki/dmine/trees/db/in5.asc 0 1000 200 [ 1 106 11 0.033042 0 ] [ 2 121 26 0.094903 0 ] [ 3 348 60 0.008341 0 ] [ 4 424 88 0.009423 0 ] [ 5 434 90 0.014616 0 ] [ 6 327 63 0.006502 0 ] [ 7 179 29 0.003159 0 ] [ 8 69 8 0.001008 0 ] [ 9 17 1 0.000191 0 ] [ 10 2 0 1.7e-05 0 ] [ SUM 2027 376 0.171202 ] 0.173417
VTREEMINER INCR /home/zaki/dmine/trees/db/in6.asc 0 2500 300 [ 1 106 21 0.11402 0 ] [ 2 441 62 0.130577 0 ] [ 3 1552 302 0.069254 0 ] [ 4 5046 1126 0.204032 0 ] [ 5 13596 3136 0.547813 0 ] [ 6 28523 6707 1.21643 0 ] [ 7 47047 11255 1.74 0 ] [ 8 62979 14987 2.42347 0 ] [ 9 69392 15905 2.45971 0 ] [ 10 62784 13446 2.12982 0 ] [ 11 46227 9009 1.54156 0 ] [ 12 27403 4732 0.776766 0 ] [ 13 12911 1911 0.318236 0 ] [ 14 4744 574 0.110527 0 ] [ 15 1317 121 0.027623 0 ] [ 16 261 16 0.004386 0 ] [ 17 33 1 0.000459 0 ] [ 18 2 0 2.30001e-05 0 ] [ SUM 384364 83311 13.8147 ] 14.2336
VTREEMINER INCR test.data 0.1 3 1 [ 1 6 5 0.00041008 0 ] [ 2 25 15 0.000836849 0 ] [ 3 122 34 0.000114918 0 ] [ 4 242 48 0.000128508 0 ] [ 5 254 41 0.000108719 0 ] [ 6 170 22 6.86646e-05 0 ] [ 7 72 7 2.74181e-05 0 ] [ 8 18 1 8.10623e-06 0 ] [ 9 2 0 1.90735e-06 0 ] [ SUM 911 173 0.00170517 ] 0.00317597
VTREEMINER INCR test.data 0.5 3 2 [ 1 6 4 0.000326157 0 ] [ 2 16 4 0.000108957 0 ] [ 3 20 3 0.000399113 0 ] [ 4 10 1 2.88486e-05 0 ] [ 5 2 0 3.8147e-06 0 ] [ SUM 54 12 0.00086689 ] 0.00160694
VTREEMINER INCR test_fig5.data 0 3 1 [ 1 6 5 0.000558138 0 ] [ 2 25 18 0.000229836 0 ] [ 3 164 45 0.000251532 0 ] [ 4 326 65 0.000353098 0 ] [ 5 344 55 0.000303984 0 ] [ 6 222 28 0.000185013 0 ] [ 7 88 8 7.20024e-05 0 ] [ 8 20 1 1.57356e-05 0 ] [ 9 2 0 4.05312e-06 0 ] [ SUM 1197 225 0.00197339 ] 0.00560522
VTREEMINER INCR test_fig5.data 0.5 3 2 [ 1 6 4 0.000316858 0 ] [ 2 16 4 0.00011301 0 ] [ 3 20 3 4.93526e-05 0 ] [ 4 10 1 1.90735e-05 0 ] [ 5 2 0 3.71933e-05 0 ] [ SUM 54 12 0.000535488 ] 0.00115299
VTREEMINER INCR test_fig5.data 0.5 3 2 [ 1 6 4 0.000439167 0 ] [ 2 16 4 0.000142097 0 ] [ 3 20 3 6.19888e-05 0 ] [ 4 10 1 2.31266e-05 0 ] [ 5 2 0 4.05312e-06 0 ] [ SUM 54 12 0.000670433 ] 0.00193095
VTREEMINER INCR test_fig5.data 0.5 3 2 [ 1 6 4 0.000367165 0 ] [ 2 16 4 0.000103235 0 ] [ 3 20 3 4.8399e-05 0 ] [ 4 10 1 2.5034e-05 0 ] [ 5 2 0 2.86102e-06 0 ] [ SUM 54 12 0.000546694 ] 0.00171685
VTREEMINER INCR test_fig5.data 0.5 3 2 [ 1 6 4 0.000385046 0 ] [ 2 16 4 0.000159979 0 ] [ 3 20 3 5.07832e-05 0 ] [ 4 10 1 2.5034e-05 0 ] [ 5 2 0 3.8147e-06 0 ] [ SUM 54 12 0.000624657 ] 0.00189209
VTREEMINER INCR test_fig5.data 1 3 3 [ 1 6 4 0.000886917 0 ] [ 2 16 2 0.000120163 0 ] [ 3 8 1 3.19481e-05 0 ] [ 4 2 0 5.96046e-06 0 ] [ SUM 32 7 0.00104499 ] 0.00182605
VTREEMINER INCR test_fig5.data 1 3 3 [ 1 6 4 0.000481129 0 ] [ 2 16 2 9.01222e-05 0 ] [ 3 8 1 2.28882e-05 0 ] [ 4 2 0 5.00679e-06 0 ] [ SUM 32 7 0.000599146 ] 0.000957966
VTREEMINER INCR test_fig5.data 0.5 3 2 [ 1 6 4 0.000296116 0 ] [ 2 16 4 9.98974e-05 0 ] [ 3 20 3 7.70092e-05 0 ] [ 4 10 1 1.69277e-05 0 ] [ 5 2 0 3.09944e-06 0 ] [ SUM 54 12 0.00049305 ] 0.000955105
VTREEMINER INCR test_fig5.data 0.5 3 2 [ 1 6 4 8.79765e-05 0 ] [ 2 16 4 2.31266e-05 0 ] [ 3 20 3 1.19209e-05 0 ] [ 4 10 1 4.05312e-06 0 ] [ 5 2 0 0 0 ] [ SUM 54 12 0.000127077 ] 0.000216961
VTREEMINER INCR test_fig5.data 0.5 3 2 [ 1 6 4 0.000335932 0 ] [ 2 16 4 0.000174046 0 ] [ 3 20 3 6.65188e-05 0 ] [ 4 10 1 2.38419e-05 0 ] [ 5 2 0 4.05312e-06 0 ] [ SUM 54 12 0.000604391 ] 0.00104403
VTREEMINER INCR test_fig5.data 0.5 3 2 [ 1 6 4 0.000591993 0 ] [ 2 16 4 0.0001688 0 ] [ 3 20 3 6.36578e-05 0 ] [ 4 10 1 2.40803e-05 0 ] [ 5 2 0 3.8147e-06 0 ] [ SUM 54 12 0.000852346 ] 0.00129485
VTREEMINER INCR test_fig5.data 0.5 3 2 [ 1 6 4 0.000397921 0 ] [ 2 16 4 0.000128031 0 ] [ 3 20 3 4.3869e-05 0 ] [ 4 10 1 1.81198e-05 0 ] [ 5 2 0 1.90735e-06 0 ] [ SUM 54 12 0.000589848 ] 0.00103092
VTREEMINER INCR test_fig5.data 0.5 3 2 [ 1 6 4 0.000253916 0 ] [ 2 16 4 0.000102043 0 ] [ 3 20 3 4.41074e-05 0 ] [ 4 10 1 2.21729e-05 0 ] [ 5 2 0 2.86102e-06 0 ] [ SUM 54 12 0.0004251 ] 0.000819921
VTREEMINER INCR test_fig5.data 0.5 3 2 [ 1 6 4 0.000404835 0 ] [ 2 16 4 0.000147104 0 ] [ 3 20 3 6.34193e-05 0 ] [ 4 10 1 2.07424e-05 0 ] [ 5 2 0 3.09944e-06 0 ] [ SUM 54 12 0.0006392 ] 0.00173783
VTREEMINER INCR test.data 0.5 3 2 [ 1 6 4 0.000625849 0 ] [ 2 16 4 0.000138998 0 ] [ 3 20 3 6.91414e-05 0 ] [ 4 10 1 2.71797e-05 0 ] [ 5 2 0 3.8147e-06 0 ] [ SUM 54 12 0.000864983 ] 0.00198889
VTREEMINER INCR test_fig5.data 0.5 2 1 [ 1 5 4 0.000354052 0 ] [ 2 16 0 1.09673e-05 0 ] [ SUM 21 4 0.000365019 ] 0.000633955
VTREEMINER INCR test_fig5.data 0.5 2 1 [ 1 5 4 0.000334024 0 ] [ 2 16 0 1.19209e-05 0 ] [ SUM 21 4 0.000345945 ] 0.00056386
VTREEMINER INCR test_fig5.data 0.5 2 1 [ 1 5 4 0.000346899 0 ] [ 2 16 0 1.19209e-05 0 ] [ SUM 21 4 0.00035882 ] 0.000588179
VTREEMINER INCR test_fig5.data 0.5 3 2 [ 1 6 4 0.000334978 0 ] [ 2 16 0 1.09673e-05 0 ] [ SUM 22 4 0.000345945 ] 0.000625134
VTREEMINER INCR test_fig5.data 0.5 3 2 [ 1 6 4 0.000703096 0 ] [ 2 16 0 1.40667e-05 0 ] [ SUM 22 4 0.000717163 ] 0.00116014
VTREEMINER INCR test_fig5.data 0.1 3 1 [ 1 6 5 0.000380039 0 ] [ 2 25 0 1.19209e-05 0 ] [ SUM 31 5 0.00039196 ] 0.00063014
VTREEMINER INCR test_fig5.data 0.1 3 1 [ 1 6 5 0.000293016 0 ] [ 2 25 18 0.000148535 0 ] [ 3 164 45 0.000248909 0 ] [ 4 326 65 0.000303745 0 ] [ 5 344 55 0.000283241 0 ] [ 6 222 28 0.000172138 0 ] [ 7 88 8 7.27177e-05 0 ] [ 8 20 1 1.88351e-05 0 ] [ 9 2 0 2.86102e-06 0 ] [ SUM 1197 225 0.001544 ] 0.00679493
VTREEMINER INCR test_fig5.data 0.5 3 2 [ 1 6 4 0.000575066 0 ] [ 2 16 4 0.000146866 0 ] [ 3 20 3 8.51154e-05 0 ] [ 4 10 1 3.09944e-05 0 ] [ 5 2 0 4.05312e-06 0 ] [ SUM 54 12 0.000842094 ] 0.00142908
VTREEMINER INCR test_fig5.data 0.5 3 2 [ 1 6 4 0.00106096 0 ] [ 2 16 4 0.000142336 0 ] [ 3 20 3 6.98566e-05 0 ] [ 4 10 1 2.5034e-05 0 ] [ 5 2 0 4.05312e-06 0 ] [ SUM 54 12 0.00130224 ] 0.00182605
VTREEMINER INCR test_fig5.data 0.5 3 2 [ 1 6 4 0.000423908 0 ] [ 2 16 4 0.000118971 0 ] [ 3 20 3 7.70092e-05 0 ] [ 4 10 1 2.88486e-05 0 ] [ 5 2 0 4.05312e-06 0 ] [ SUM 54 12 0.00065279 ] 0.00122309
VTREEMINER INCR test_fig5.data 0.5 3 2 [ 1 6 4 0.000511885 0 ] [ 2 16 4 0.000123739 0 ] [ 3 20 3 5.88894e-05 0 ] [ 4 10 1 2.28882e-05 0 ] [ 5 2 0 4.05312e-06 0 ] [ SUM 54 12 0.000721455 ] 0.00127792
VTREEMINER INCR test_fig5.data 0.5 3 2 [ 1 6 4 0.000497103 0 ] [ 2 16 4 0.000106096 0 ] [ 3 20 3 5.00679e-05 0 ] [ 4 10 1 2.28882e-05 0 ] [ 5 2 0 3.8147e-06 0 ] [ SUM 54 12 0.00067997 ] 0.00116801
VTREEMINER INCR F5.data 0.5 100001 50001 [ 1 100 0 0.131237 0 ] [ 2 0 0 0.074482 0 ] [ SUM 100 0 0.205719 ] 0.206002
VTREEMINER INCR F5.data 0.1 100001 10000 [ 1 100 7 0.105185 0 ] [ 2 49 6 0.097945 0 ] [ 3 28 4 0.00587988 0 ] [ 4 9 1 0.00126672 0 ] [ 5 2 0 0.000202894 0 ] [ SUM 188 18 0.210479 ] 0.211496
VTREEMINER INCR F5.data 0.01 100001 1000 [ 1 100 35 0.10549 0 ] [ 2 1225 52 0.118592 0 ] [ 3 568 89 0.0392761 0 ] [ 4 522 91 0.022279 0 ] [ 5 389 54 0.0126181 0 ] [ 6 191 17 0.00496936 0 ] [ 7 47 2 0.0010283 0 ] [ 8 4 0 7.89165e-05 0 ] [ SUM 3046 340 0.304332 ] 0.311287
VTREEMINER INCR F5.data 0.001 100001 100 [ 1 100 83 0.103873 0 ] [ 2 6889 217 0.131942 0 ] [ 3 3538 502 0.0681159 0 ] [ 4 5222 1143 0.0659399 0 ] [ 5 9050 2062 0.0759811 0 ] [ 6 13364 2665 0.0836389 0 ] [ 7 14356 2428 0.0715139 0 ] [ 8 11003 1559 0.047219 0 ] [ 9 5986 696 0.022053 0 ] [ 10 2265 207 0.00729108 0 ] [ 11 569 37 0.00158548 0 ] [ 12 86 3 0.000198603 0 ] [ 13 6 0 1.19209e-05 0 ] [ SUM 72434 11602 0.679363 ] 0.769714
VTREEMINER INCR test_fig5.data 0.5 3 2 [ 1 6 4 0.000232935 0 ] [ 2 16 4 6.91414e-05 0 ] [ 3 20 3 3.38554e-05 0 ] [ 4 10 1 1.28746e-05 0 ] [ 5 2 0 1.90735e-06 0 ] [ SUM 54 12 0.000350714 ] 0.000653982
VTREEMINER INCR test_fig5.data 0.5 3 2 [ 1 6 4 0.000114202 0 ] [ 2 16 4 3.12328e-05 0 ] [ 3 20 3 1.62125e-05 0 ] [ 4 10 1 5.96046e-06 0 ] [ 5 2 0 9.53674e-07 0 ] [ SUM 54 12 0.000168562 ] 0.000383139
VTREEMINER INCR test_fig5.data 0.5 3 2 [ 1 6 4 6.60419e-05 0 ] [ 2 16 4 2.00272e-05 0 ] [ 3 20 3 1.28746e-05 0 ] [ 4 10 1 6.19888e-06 0 ] [ 5 2 0 1.19209e-06 0 ] [ SUM 54 12 0.000106335 ] 0.000234127
VTREEMINER INCR F5.data 0.5 100001 50001 [ 1 100 0 0.136165 0 ] [ 2 0 0 0.0822599 0 ] [ SUM 100 0 0.218425 ] 0.218541
VTREEMINER INCR F5.data 0.1 100001 10000 [ 1 100 7 0.091496 0 ] [ 2 49 6 0.0986574 0 ] [ 3 28 4 0.00592971 0 ] [ 4 9 1 0.001369 0 ] [ 5 2 0 0.000214815 0 ] [ SUM 188 18 0.197667 ] 0.198792
VTREEMINER INCR F5.data 0.01 100001 1000 [ 1 100 35 0.083879 0 ] [ 2 1225 52 0.114307 0 ] [ 3 568 89 0.0347154 0 ] [ 4 522 91 0.0196259 0 ] [ 5 389 54 0.0110922 0 ] [ 6 191 17 0.00422692 0 ] [ 7 47 2 0.000794888 0 ] [ 8 4 0 5.31673e-05 0 ] [ SUM 3046 340 0.268694 ] 0.274129
VTREEMINER INCR F5.data 0.01 100001 1000 [ 1 100 35 0.0874081 0 ] [ 2 1225 52 0.118282 0 ] [ 3 568 89 0.0353289 0 ] [ 4 522 91 0.0209632 0 ] [ 5 389 54 0.0114412 0 ] [ 6 191 17 0.00456572 0 ] [ 7 47 2 0.000893116 0 ] [ 8 4 0 5.31673e-05 0 ] [ SUM 3046 340 0.278935 ] 0.283806
VTREEMINER INCR F5.data 0.01 100001 1000 [ 1 100 35 0.090349 0 ] [ 2 1225 52 0.114621 0 ] [ 3 568 89 0.0338862 0 ] [ 4 522 91 0.0193105 0 ] [ 5 389 54 0.0114548 0 ] [ 6 191 17 0.00421953 0 ] [ 7 47 2 0.000886917 0 ] [ 8 4 0 6.19888e-05 0 ] [ SUM 3046 340 0.27479 ] 0.280122
VTREEMINER INCR test_fig5.data 0.5 3 2 [ 1 6 4 0.000287056 0 ] [ 2 16 4 7.00951e-05 0 ] [ 3 20 3 3.09944e-05 0 ] [ 4 10 1 2.12193e-05 0 ] [ 5 2 0 2.14577e-06 0 ] [ SUM 54 12 0.00041151 ] 0.000766993
VTREEMINER INCR test_fig5.data 0.1 3 1 [ 1 6 5 0.000100851 0 ] [ 2 25 18 3.57628e-05 0 ] [ 3 164 45 4.48227e-05 0 ] [ 4 326 65 5.55515e-05 0 ] [ 5 344 55 5.24521e-05 0 ] [ 6 222 28 3.71933e-05 0 ] [ 7 88 8 1.54972e-05 0 ] [ 8 20 1 4.05312e-06 0 ] [ 9 2 0 1.19209e-06 0 ] [ SUM 1197 225 0.000347376 ] 0.00178695
VTREEMINER INCR test_fig5.data 0.1 3 1 [ 1 6 5 7.41482e-05 0 ] [ 2 25 18 3.17097e-05 0 ] [ 3 164 45 3.05176e-05 0 ] [ 4 326 65 3.45707e-05 0 ] [ 5 344 55 2.88486e-05 0 ] [ 6 222 28 1.71661e-05 0 ] [ 7 88 8 5.24521e-06 0 ] [ 8 20 1 3.09944e-06 0 ] [ 9 2 0 0 0 ] [ SUM 1197 225 0.000225306 ] 0.00100493
VTREEMINER INCR test_fig5.data 0.1 3 1 [ 1 6 5 0.000196934 0 ] [ 2 25 18 8.9407e-05 0 ] [ 3 164 45 0.000109196 0 ] [ 4 326 65 0.000142097 0 ] [ 5 344 55 0.000127554 0 ] [ 6 222 28 7.82013e-05 0 ] [ 7 88 8 3.29018e-05 0 ] [ 8 20 1 5.00679e-06 0 ] [ 9 2 0 2.14577e-06 0 ] [ SUM 1197 225 0.000783443 ] 0.00432396
VTREEMINER INCR test_fig5.data 0.1 3 1 [ 1 6 5 0.000101089 0 ] [ 2 25 18 5.79357e-05 0 ] [ 3 164 45 6.8903e-05 0 ] [ 4 326 65 8.70228e-05 0 ] [ 5 344 55 7.62939e-05 0 ] [ 6 222 28 4.17233e-05 0 ] [ 7 88 8 1.81198e-05 0 ] [ 8 20 1 2.86102e-06 0 ] [ 9 2 0 1.19209e-06 0 ] [ SUM 1197 225 0.000455141 ] 0.0045712
VTREEMINER INCR test_fig5.data 0.5 3 2 [ 1 6 4 0.000187159 0 ] [ 2 16 4 6.77109e-05 0 ] [ 3 20 3 3.19481e-05 0 ] [ 4 10 1 1.66893e-05 0 ] [ 5 2 0 2.14577e-06 0 ] [ SUM 54 12 0.000305653 ] 0.000643015
VTREEMINER INCR test_fig5.data 0.5 3 2 [ 1 6 4 0.000674009 0 ] [ 2 16 4 0.000139713 0 ] [ 3 20 3 4.88758e-05 0 ] [ 4 10 1 2.02656e-05 0 ] [ 5 2 0 2.14577e-06 0 ] [ SUM 54 12 0.00088501 ] 0.00191617
VTREEMINER INCR test_fig5.data 0.5 3 2 [ 1 6 4 0.000117064 0 ] [ 2 16 4 3.31402e-05 0 ] [ 3 20 3 2.38419e-05 0 ] [ 4 10 1 8.82149e-06 0 ] [ 5 2 0 1.19209e-06 0 ] [ SUM 54 12 0.000184059 ] 0.000421047
VTREEMINER INCR test_fig5.data 0.5 3 2 [ 1 6 4 0.000314951 0 ] [ 2 16 4 9.77516e-05 0 ] [ 3 20 3 4.79221e-05 0 ] [ 4 10 1 2.28882e-05 0 ] [ 5 2 0 3.8147e-06 0 ] [ SUM 54 12 0.000487328 ] 0.00111914
VTREEMINER INCR F5.data 0.1 100001 10000 [ 1 100 7 0.119104 0 ] [ 2 49 6 0.095716 0 ] [ 3 28 4 0.00656104 0 ] [ 4 9 1 0.00131702 0 ] [ 5 2 0 0.000323057 0 ] [ SUM 188 18 0.223021 ] 0.224038
VTREEMINER INCR F5.data 0.01 100001 1000 [ 1 100 35 0.142951 0 ] [ 2 1225 52 0.122555 0 ] [ 3 568 89 0.0397806 0 ] [ 4 522 91 0.0239773 0 ] [ 5 389 54 0.0137537 0 ] [ 6 191 17 0.00502443 0 ] [ 7 47 2 0.00104785 0 ] [ 8 4 0 6.79493e-05 0 ] [ SUM 3046 340 0.349157 ] 0.356698
VTREEMINER INCR F5.data 0.01 100001 1000 [ 1 100 35 0.0994298 0 ] 
[ 2 1225 52 0.117129 0 ] 
[ 3 568 89 0.0326295 0 ] 
[ 4 522 91 0.0189323 0 ] 
[ 5 389 54 0.0106256 0 ] 
[ 6 191 17 0.00391698 0 ] 
[ 7 47 2 0.000747681 0 ] 
[ 8 4 0 5.31673e-05 0 ] 
[ SUM 3046 340 0.283464 ] 0.28909
VTREEMINER INCR F5.data 0.01 100001 1000 [ 1 100 35 0.0844359 0 ] [ 2 1225 52 0.113497 0 ] [ 3 568 89 0.032711 0 ] [ 4 522 91 0.019274 0 ] [ 5 389 54 0.0104408 0 ] [ 6 191 17 0.00392723 0 ] [ 7 47 2 0.000810385 0 ] [ 8 4 0 5.31673e-05 0 ] [ SUM 3046 340 0.26515 ] 0.270501
VTREEMINER INCR F5.data 0.001 100001 100 [ 1 100 83 0.135413 0 ] [ 2 6889 217 0.140119 0 ] [ 3 3538 502 0.075865 0 ] [ 4 5222 1143 0.069941 0 ] [ 5 9050 2062 0.0806739 0 ] [ 6 13364 2665 0.0838895 0 ] [ 7 14356 2428 0.0721943 0 ] [ 8 11003 1559 0.0451658 0 ] [ 9 5986 696 0.0210316 0 ] [ 10 2265 207 0.00679064 0 ] [ 11 569 37 0.00144935 0 ] [ 12 86 3 0.00019002 0 ] [ 13 6 0 1.19209e-05 0 ] [ SUM 72434 11602 0.732735 ] 0.821582
VTREEMINER INCR F5.data 0.001 100001 100 [ 1 100 83 0.135607 0 ] [ 2 6889 217 0.125179 0 ] [ 3 3538 502 0.0575523 0 ] [ 4 5222 1143 0.0554006 0 ] [ 5 9050 2062 0.0642209 0 ] [ 6 13364 2665 0.0711102 0 ] [ 7 14356 2428 0.0608006 0 ] [ 8 11003 1559 0.0390596 0 ] [ 9 5986 696 0.0190783 0 ] [ 10 2265 207 0.00619602 0 ] [ 11 569 37 0.00124311 0 ] [ 12 86 3 0.00014782 0 ] [ 13 6 0 6.67572e-06 0 ] [ SUM 72434 11602 0.635602 ] 7.91306
VTREEMINER INCR F5.data 0.001 100001 100 [ 1 100 83 0.113907 0 ] [ 2 6889 217 0.135125 0 ] [ 3 3538 502 0.0677471 0 ] [ 4 5222 1143 0.0660648 0 ] [ 5 9050 2062 0.0741229 0 ] [ 6 13364 2665 0.0779517 0 ] [ 7 14356 2428 0.065345 0 ] [ 8 11003 1559 0.0408394 0 ] [ 9 5986 696 0.0187781 0 ] [ 10 2265 207 0.00626469 0 ] [ 11 569 37 0.00128531 0 ] [ 12 86 3 0.000169992 0 ] [ 13 6 0 1.12057e-05 0 ] [ SUM 72434 11602 0.667613 ] 0.750125
VTREEMINER INCR F5.data 0.001 100001 100 [ 1 100 83 0.122967 0 ] [ 2 6889 217 0.135559 0 ] [ 3 3538 502 0.0602798 0 ] [ 4 5222 1143 0.0581706 0 ] [ 5 9050 2062 0.0660982 0 ] [ 6 13364 2665 0.0717502 0 ] [ 7 14356 2428 0.0596414 0 ] [ 8 11003 1559 0.0370774 0 ] [ 9 5986 696 0.0166709 0 ] [ 10 2265 207 0.00524521 0 ] [ 11 569 37 0.00107622 0 ] [ 12 86 3 0.000136137 0 ] [ 13 6 0 8.34465e-06 0 ] [ SUM 72434 11602 0.63468 ] 0.707889
VTREEMINER INCR F5.data 0.0001 100001 10 [ 1 100 87 0.133038 0 ] [ 2 7569 505 0.140797 0 ] [ 3 18698 2316 0.0760946 0 ] [ 4 41615 7557 0.0933821 0 ] [ 5 92086 20354 0.144999 0 ] [ 6 195260 44547 0.232189 0 ] [ 7 347439 76722 0.323528 0 ] [ 8 498653 102567 0.377597 0 ] [ 9 569136 106261 0.35776 0 ] [ 10 512896 85341 0.274294 0 ] [ 11 362911 52966 0.166188 0 ] [ 12 200115 25157 0.0804651 0 ] [ 13 84909 8967 0.029844 0 ] [ 14 27121 2316 0.0084343 0 ] [ 15 6283 407 0.00174856 0 ] [ 16 990 43 0.000240803 0 ] [ 17 94 2 3.45707e-05 0 ] [ 18 4 0 1.90735e-06 0 ] [ SUM 2965879 536115 2.44063 ] 4.87895
