VTREEMINER INCR test_fig5.data 0 3 1 [ 1 6 5 0.000494957 0 ] [ 2 25 18 0.000197172 0 ] [ 3 164 45 0.000267029 0 ] [ 4 326 65 0.000356436 0 ] [ 5 344 55 0.000324488 0 ] [ 6 222 28 0.000222445 0 ] [ 7 88 8 7.48634e-05 0 ] [ 8 20 1 1.93119e-05 0 ] [ 9 2 0 5.96046e-06 0 ] [ SUM 1197 225 0.00196266 ] 0.00966692
VTREEMINER INCR test_fig5.data 0 3 1 [ 1 6 5 0.000324011 0 ] [ 2 25 18 0.00015521 0 ] [ 3 164 45 0.000179052 0 ] [ 4 326 65 0.000255585 0 ] [ 5 344 55 0.00023675 0 ] [ 6 222 28 0.000142336 0 ] [ 7 88 8 5.45979e-05 0 ] [ 8 20 1 1.19209e-05 0 ] [ 9 2 0 2.86102e-06 0 ] [ SUM 1197 225 0.00136232 ] 0.00751901
VTREEMINER INCR test_fig5.data 0 3 2 [ 1 6 4 0.000443935 0 ] [ 2 16 4 0.000169992 0 ] [ 3 20 3 8.89301e-05 0 ] [ 4 10 1 3.38554e-05 0 ] [ 5 2 0 4.05312e-06 0 ] [ SUM 54 12 0.000740767 ] 0.00160813
VTREEMINER INCR test_fig5.data 0 3 1 [ 1 6 5 0.000427961 0 ] [ 2 25 18 0.000118017 0 ] [ 3 164 45 0.000119448 0 ] [ 4 326 65 0.000151396 0 ] [ 5 344 55 0.000139952 0 ] [ 6 222 28 8.13007e-05 0 ] [ 7 88 8 3.55244e-05 0 ] [ 8 20 1 6.91414e-06 0 ] [ 9 2 0 1.19209e-06 0 ] [ SUM 1197 225 0.00108171 ] 0.00649095
VTREEMINER INCR test_fig5.data 0 3 3 [ 1 6 4 0.000298023 0 ] [ 2 16 2 0.000154972 0 ] [ 3 8 1 3.09944e-05 0 ] [ 4 2 0 4.05312e-06 0 ] [ SUM 32 7 0.000488043 ] 0.00104904
VTREEMINER INCR test_fig5.data 0.333333 3 1 [ 1 6 5 0.000519037 0 ] [ 2 25 18 0.000162125 0 ] [ 3 164 45 0.000197887 0 ] [ 4 326 65 0.000264883 0 ] [ 5 344 55 0.000243664 0 ] [ 6 222 28 0.000146627 0 ] [ 7 88 8 6.62804e-05 0 ] [ 8 20 1 1.57356e-05 0 ] [ 9 2 0 2.86102e-06 0 ] [ SUM 1197 225 0.0016191 ] 0.00794315
VTREEMINER INCR test.data 0.333333 3 1 [ 1 6 5 0.000573158 0 ] [ 2 25 15 0.000442505 0 ] [ 3 122 34 0.000445366 0 ] [ 4 242 48 0.000608683 0 ] [ 5 254 41 0.000555754 0 ] [ 6 170 22 0.000355721 0 ] [ 7 72 7 0.000140905 0 ] [ 8 18 1 3.79086e-05 0 ] [ 9 2 0 1.19209e-05 0 ] [ SUM 911 173 0.00317192 ] 0.014905
VTREEMINER INCR test.data 0.333333 3 1 [ 1 6 5 0.000512123 0 ] [ 2 25 15 0.000854015 0 ] [ 3 122 34 0.000571251 0 ] [ 4 242 48 0.00102639 0 ] [ 5 254 41 0.000674009 0 ] [ 6 170 22 0.000348091 0 ] [ 7 72 7 0.000134468 0 ] [ 8 18 1 3.09944e-05 0 ] [ 9 2 0 1.00136e-05 0 ] [ SUM 911 173 0.00416136 ] 0.0127409
VTREEMINER INCR test.data 0.666667 3 2 [ 1 6 4 0.000291824 0 ] [ 2 16 4 0.000174761 0 ] [ 3 20 3 0.000103951 0 ] [ 4 10 1 3.60012e-05 0 ] [ 5 2 0 6.91414e-06 0 ] [ SUM 54 12 0.000613451 ] 0.0010879
VTREEMINER INCR test.data 1 3 3 [ 1 6 4 0.000454187 0 ] [ 2 16 2 0.000280857 0 ] [ 3 8 1 7.31945e-05 0 ] [ 4 2 0 7.15256e-06 0 ] [ SUM 32 7 0.000815392 ] 0.00142598
VTREEMINER INCR test.data 0.333333 3 1 [ 1 6 5 0.000488997 0 ] [ 2 25 15 0.000651121 0 ] [ 3 122 34 0.000618458 0 ] [ 4 242 48 0.00082469 0 ] [ 5 254 41 0.000741005 0 ] [ 6 170 22 0.000442028 0 ] [ 7 72 7 0.000184059 0 ] [ 8 18 1 4.88758e-05 0 ] [ 9 2 0 1.62125e-05 0 ] [ SUM 911 173 0.00401545 ] 0.0142059
VTREEMINER INCR test.data 0.666667 3 2 [ 1 6 4 0.000535965 0 ] [ 2 16 4 0.000356197 0 ] [ 3 20 3 0.000247002 0 ] [ 4 10 1 7.29561e-05 0 ] [ 5 2 0 1.3113e-05 0 ] [ SUM 54 12 0.00122523 ] 0.00254893
VTREEMINER INCR test.data 1 3 3 [ 1 6 4 0.000595093 0 ] [ 2 16 2 0.000282764 0 ] [ 3 8 1 9.01222e-05 0 ] [ 4 2 0 1.09673e-05 0 ] [ SUM 32 7 0.000978947 ] 0.00222588
VTREEMINER test.data 1 3 3 [ 1 6 4 0.000446081 0 ] [ 2 16 2 0.000824928 0 ] [ 3 8 1 7.86781e-05 0 ] [ 4 2 0 8.10623e-06 0 ] [ SUM 32 7 0.00135779 ] 0.00186801
VTREEMINER test.data 0.666667 3 2 [ 1 6 4 0.00026989 0 ] [ 2 16 4 0.000209332 0 ] [ 3 20 3 0.000149965 0 ] [ 4 10 1 4.3869e-05 0 ] [ 5 2 0 7.15256e-06 0 ] [ SUM 54 12 0.000680208 ] 0.00114012
VTREEMINER test.data 0.333333 3 1 [ 1 6 5 0.000371933 0 ] [ 2 25 15 0.000393152 0 ] [ 3 122 34 0.000394821 0 ] [ 4 242 48 0.000498533 0 ] [ 5 254 41 0.000427485 0 ] [ 6 170 22 0.000296116 0 ] [ 7 72 7 0.000122309 0 ] [ 8 18 1 6.34193e-05 0 ] [ 9 2 0 9.77516e-06 0 ] [ SUM 911 173 0.00257754 ] 0.00769615
VTREEMINER test.data 0.333333 3 1 [ 1 6 5 0.000372887 0 ] [ 2 25 15 0.000584126 0 ] [ 3 122 34 0.000482082 0 ] [ 4 242 48 0.000648499 0 ] [ 5 254 41 0.000973225 0 ] [ 6 170 22 0.000448465 0 ] [ 7 72 7 0.000174522 0 ] [ 8 18 1 4.29153e-05 0 ] [ 9 2 0 1.00136e-05 0 ] [ SUM 911 173 0.00373673 ] 0.010639
VTREEMINER test.data 0.333333 3 1 [ 1 6 5 0.000270128 0 ] [ 2 25 15 0.000308275 0 ] [ 3 122 34 0.000361443 0 ] [ 4 242 48 0.00042367 0 ] [ 5 254 41 0.000364065 0 ] [ 6 170 22 0.000263929 0 ] [ 7 72 7 9.67979e-05 0 ] [ 8 18 1 2.36034e-05 0 ] [ 9 2 0 5.96046e-06 0 ] [ SUM 911 173 0.00211787 ] 0.00644994
VTREEMINER test.data 1 3 3 [ 1 6 4 0.000497818 0 ] [ 2 16 2 0.00029707 0 ] [ 3 8 1 9.27448e-05 0 ] [ 4 2 0 1.00136e-05 0 ] [ SUM 32 7 0.000897646 ] 0.00431895
VTREEMINER test.data 0.666667 3 2 [ 1 6 4 0.000459909 0 ] [ 2 16 4 0.000360012 0 ] [ 3 20 3 0.000165939 0 ] [ 4 10 1 5.10216e-05 0 ] [ 5 2 0 6.91414e-06 0 ] [ SUM 54 12 0.0010438 ] 0.00176597
VTREEMINER test.data 0.333333 3 1 [ 1 6 5 0.000374794 0 ] [ 2 25 15 0.000604153 0 ] [ 3 122 34 0.000419617 0 ] [ 4 242 48 0.000508547 0 ] [ 5 254 41 0.000473261 0 ] [ 6 170 22 0.00028801 0 ] [ 7 72 7 0.000125408 0 ] [ 8 18 1 2.98023e-05 0 ] [ 9 2 0 1.00136e-05 0 ] [ SUM 911 173 0.0028336 ] 0.00848985
VTREEMINER F5.data 0.00299997 100001 300 [ 1 100 66 0.210267 0 ] [ 2 4356 103 0.375862 0 ] [ 3 1290 224 0.244712 0 ] [ 4 1830 391 0.224958 0 ] [ 5 2413 460 0.204317 0 ] [ 6 2313 357 0.142795 0 ] [ 7 1478 181 0.070657 0 ] [ 8 616 58 0.0227969 0 ] [ 9 163 11 0.00459814 0 ] [ 10 26 1 0.000498295 0 ] [ 11 2 0 3.88622e-05 0 ] [ SUM 14587 1852 1.5015 ] 1.583
